<?xml version="1.0"?>
<!DOCTYPE coverage SYSTEM "http://cobertura.sourceforge.net/xml/coverage-04.dtd">

<coverage line-rate="0.5780346820809249" branch-rate="0.4628099173553719" lines-covered="300" lines-valid="519" branches-covered="112" branches-valid="242" complexity="3.4242424242424243" version="2.0.3" timestamp="1493235853878">
	<sources>
		<source>source</source>
	</sources>
	<packages>
		<package name="org.jfree.chart.renderer.category" line-rate="0.5780346820809249" branch-rate="0.4628099173553719" complexity="3.4242424242424243">
			<classes>
				<class name="org.jfree.chart.renderer.category.AbstractCategoryItemRenderer" filename="org/jfree/chart/renderer/category/AbstractCategoryItemRenderer.java" line-rate="0.5780346820809249" branch-rate="0.4628099173553719" complexity="3.4242424242424243">
					<methods>
						<method name="&lt;init&gt;" signature="()V" line-rate="1.0" branch-rate="1.0">
							<lines>
								<line number="249" hits="320" branch="false"/>
								<line number="250" hits="320" branch="false"/>
								<line number="251" hits="320" branch="false"/>
								<line number="252" hits="320" branch="false"/>
								<line number="253" hits="320" branch="false"/>
								<line number="255" hits="320" branch="false"/>
								<line number="256" hits="320" branch="false"/>
								<line number="257" hits="320" branch="false"/>
							</lines>
						</method>
						<method name="addAnnotation" signature="(Lorg/jfree/chart/annotations/CategoryAnnotation;)V" line-rate="0.0" branch-rate="1.0">
							<lines>
								<line number="656" hits="0" branch="false"/>
								<line number="657" hits="0" branch="false"/>
							</lines>
						</method>
						<method name="addAnnotation" signature="(Lorg/jfree/chart/annotations/CategoryAnnotation;Lorg/jfree/chart/util/Layer;)V" line-rate="0.8" branch-rate="0.6666666666666666">
							<lines>
								<line number="668" hits="4" branch="true" condition-coverage="50% (1/2)">
									<conditions>
										<condition number="0" type="jump" coverage="50%"/>
									</conditions>
								</line>
								<line number="669" hits="0" branch="false"/>
								<line number="671" hits="4" branch="true" condition-coverage="100% (2/2)">
									<conditions>
										<condition number="0" type="jump" coverage="100%"/>
									</conditions>
								</line>
								<line number="672" hits="2" branch="false"/>
								<line number="673" hits="2" branch="false"/>
								<line number="675" hits="2" branch="true" condition-coverage="50% (1/2)">
									<conditions>
										<condition number="0" type="jump" coverage="50%"/>
									</conditions>
								</line>
								<line number="676" hits="2" branch="false"/>
								<line number="677" hits="2" branch="false"/>
								<line number="681" hits="0" branch="false"/>
								<line number="683" hits="4" branch="false"/>
							</lines>
						</method>
						<method name="addEntity" signature="(Lorg/jfree/chart/entity/EntityCollection;Ljava/awt/Shape;Lorg/jfree/data/category/CategoryDataset;IIZ)V" line-rate="0.75" branch-rate="0.5">
							<lines>
								<line number="1839" hits="3" branch="true" condition-coverage="50% (1/2)">
									<conditions>
										<condition number="0" type="jump" coverage="50%"/>
									</conditions>
								</line>
								<line number="1840" hits="0" branch="false"/>
								<line number="1842" hits="3" branch="false"/>
								<line number="1843" hits="3" branch="false"/>
							</lines>
						</method>
						<method name="addEntity" signature="(Lorg/jfree/chart/entity/EntityCollection;Ljava/awt/Shape;Lorg/jfree/data/category/CategoryDataset;IIZDD)V" line-rate="0.6" branch-rate="0.4">
							<lines>
								<line number="1865" hits="3" branch="true" condition-coverage="50% (1/2)">
									<conditions>
										<condition number="0" type="jump" coverage="50%"/>
									</conditions>
								</line>
								<line number="1866" hits="0" branch="false"/>
								<line number="1868" hits="3" branch="false"/>
								<line number="1869" hits="3" branch="true" condition-coverage="50% (1/2)">
									<conditions>
										<condition number="0" type="jump" coverage="50%"/>
									</conditions>
								</line>
								<line number="1870" hits="0" branch="false"/>
								<line number="1871" hits="0" branch="false"/>
								<line number="1872" hits="0" branch="true" condition-coverage="0% (0/2)">
									<conditions>
										<condition number="0" type="jump" coverage="0%"/>
									</conditions>
								</line>
								<line number="1873" hits="0" branch="false"/>
								<line number="1876" hits="0" branch="false"/>
								<line number="1879" hits="3" branch="false"/>
								<line number="1880" hits="3" branch="false"/>
								<line number="1882" hits="3" branch="true" condition-coverage="50% (1/2)">
									<conditions>
										<condition number="0" type="jump" coverage="50%"/>
									</conditions>
								</line>
								<line number="1883" hits="0" branch="false"/>
								<line number="1885" hits="3" branch="false"/>
								<line number="1886" hits="3" branch="false"/>
								<line number="1887" hits="3" branch="true" condition-coverage="50% (1/2)">
									<conditions>
										<condition number="0" type="jump" coverage="50%"/>
									</conditions>
								</line>
								<line number="1888" hits="0" branch="false"/>
								<line number="1890" hits="3" branch="false"/>
								<line number="1892" hits="3" branch="false"/>
								<line number="1893" hits="3" branch="false"/>
							</lines>
						</method>
						<method name="calculateDomainMarkerTextAnchorPoint" signature="(Ljava/awt/Graphics2D;Lorg/jfree/chart/plot/PlotOrientation;Ljava/awt/geom/Rectangle2D;Ljava/awt/geom/Rectangle2D;Lorg/jfree/chart/util/RectangleInsets;Lorg/jfree/chart/util/LengthAdjustmentType;Lorg/jfree/chart/util/RectangleAnchor;)Ljava/awt/geom/Point2D;" line-rate="0.0" branch-rate="0.0">
							<lines>
								<line number="1358" hits="0" branch="false"/>
								<line number="1359" hits="0" branch="true" condition-coverage="0% (0/2)">
									<conditions>
										<condition number="0" type="jump" coverage="0%"/>
									</conditions>
								</line>
								<line number="1360" hits="0" branch="false"/>
								<line number="1363" hits="0" branch="true" condition-coverage="0% (0/2)">
									<conditions>
										<condition number="0" type="jump" coverage="0%"/>
									</conditions>
								</line>
								<line number="1364" hits="0" branch="false"/>
								<line number="1367" hits="0" branch="false"/>
							</lines>
						</method>
						<method name="calculateRangeMarkerTextAnchorPoint" signature="(Ljava/awt/Graphics2D;Lorg/jfree/chart/plot/PlotOrientation;Ljava/awt/geom/Rectangle2D;Ljava/awt/geom/Rectangle2D;Lorg/jfree/chart/util/RectangleInsets;Lorg/jfree/chart/util/LengthAdjustmentType;Lorg/jfree/chart/util/RectangleAnchor;)Ljava/awt/geom/Point2D;" line-rate="0.0" branch-rate="0.0">
							<lines>
								<line number="1392" hits="0" branch="false"/>
								<line number="1393" hits="0" branch="true" condition-coverage="0% (0/2)">
									<conditions>
										<condition number="0" type="jump" coverage="0%"/>
									</conditions>
								</line>
								<line number="1394" hits="0" branch="false"/>
								<line number="1397" hits="0" branch="true" condition-coverage="0% (0/2)">
									<conditions>
										<condition number="0" type="jump" coverage="0%"/>
									</conditions>
								</line>
								<line number="1398" hits="0" branch="false"/>
								<line number="1401" hits="0" branch="false"/>
							</lines>
						</method>
						<method name="clone" signature="()Ljava/lang/Object;" line-rate="0.78125" branch-rate="0.625">
							<lines>
								<line number="1682" hits="37" branch="false"/>
								<line number="1686" hits="37" branch="true" condition-coverage="50% (1/2)">
									<conditions>
										<condition number="0" type="jump" coverage="50%"/>
									</conditions>
								</line>
								<line number="1687" hits="37" branch="false"/>
								<line number="1691" hits="37" branch="true" condition-coverage="100% (2/2)">
									<conditions>
										<condition number="0" type="jump" coverage="100%"/>
									</conditions>
								</line>
								<line number="1692" hits="5" branch="true" condition-coverage="50% (1/2)">
									<conditions>
										<condition number="0" type="jump" coverage="50%"/>
									</conditions>
								</line>
								<line number="1693" hits="5" branch="false"/>
								<line number="1695" hits="5" branch="false"/>
								<line number="1697" hits="5" branch="false"/>
								<line number="1699" hits="0" branch="false"/>
								<line number="1704" hits="37" branch="true" condition-coverage="50% (1/2)">
									<conditions>
										<condition number="0" type="jump" coverage="50%"/>
									</conditions>
								</line>
								<line number="1705" hits="37" branch="false"/>
								<line number="1709" hits="37" branch="true" condition-coverage="100% (2/2)">
									<conditions>
										<condition number="0" type="jump" coverage="100%"/>
									</conditions>
								</line>
								<line number="1710" hits="4" branch="true" condition-coverage="50% (1/2)">
									<conditions>
										<condition number="0" type="jump" coverage="50%"/>
									</conditions>
								</line>
								<line number="1711" hits="4" branch="false"/>
								<line number="1713" hits="4" branch="false"/>
								<line number="1715" hits="4" branch="false"/>
								<line number="1717" hits="0" branch="false"/>
								<line number="1722" hits="37" branch="true" condition-coverage="50% (1/2)">
									<conditions>
										<condition number="0" type="jump" coverage="50%"/>
									</conditions>
								</line>
								<line number="1723" hits="37" branch="false"/>
								<line number="1726" hits="37" branch="true" condition-coverage="50% (1/2)">
									<conditions>
										<condition number="0" type="jump" coverage="50%"/>
									</conditions>
								</line>
								<line number="1727" hits="0" branch="true" condition-coverage="0% (0/2)">
									<conditions>
										<condition number="0" type="jump" coverage="0%"/>
									</conditions>
								</line>
								<line number="1728" hits="0" branch="false"/>
								<line number="1729" hits="0" branch="false"/>
								<line number="1730" hits="0" branch="false"/>
								<line number="1732" hits="0" branch="false"/>
								<line number="1737" hits="37" branch="true" condition-coverage="50% (1/2)">
									<conditions>
										<condition number="0" type="jump" coverage="50%"/>
									</conditions>
								</line>
								<line number="1738" hits="37" branch="false"/>
								<line number="1741" hits="37" branch="true" condition-coverage="100% (2/2)">
									<conditions>
										<condition number="0" type="jump" coverage="100%"/>
									</conditions>
								</line>
								<line number="1742" hits="1" branch="false"/>
								<line number="1745" hits="37" branch="true" condition-coverage="100% (2/2)">
									<conditions>
										<condition number="0" type="jump" coverage="100%"/>
									</conditions>
								</line>
								<line number="1746" hits="1" branch="false"/>
								<line number="1749" hits="37" branch="false"/>
							</lines>
						</method>
						<method name="createHotSpotBounds" signature="(Ljava/awt/Graphics2D;Ljava/awt/geom/Rectangle2D;Lorg/jfree/chart/plot/CategoryPlot;Lorg/jfree/chart/axis/CategoryAxis;Lorg/jfree/chart/axis/ValueAxis;Lorg/jfree/data/category/CategoryDataset;IIZLorg/jfree/chart/renderer/category/CategoryItemRendererState;Ljava/awt/geom/Rectangle2D;)Ljava/awt/geom/Rectangle2D;" line-rate="0.0" branch-rate="0.0">
							<lines>
								<line number="1941" hits="0" branch="true" condition-coverage="0% (0/2)">
									<conditions>
										<condition number="0" type="jump" coverage="0%"/>
									</conditions>
								</line>
								<line number="1942" hits="0" branch="false"/>
								<line number="1944" hits="0" branch="false"/>
								<line number="1945" hits="0" branch="false"/>
								<line number="1946" hits="0" branch="true" condition-coverage="0% (0/2)">
									<conditions>
										<condition number="0" type="jump" coverage="0%"/>
									</conditions>
								</line>
								<line number="1947" hits="0" branch="false"/>
								<line number="1949" hits="0" branch="false"/>
								<line number="1952" hits="0" branch="false"/>
								<line number="1954" hits="0" branch="false"/>
								<line number="1955" hits="0" branch="false"/>
							</lines>
						</method>
						<method name="createHotSpotShape" signature="(Ljava/awt/Graphics2D;Ljava/awt/geom/Rectangle2D;Lorg/jfree/chart/plot/CategoryPlot;Lorg/jfree/chart/axis/CategoryAxis;Lorg/jfree/chart/axis/ValueAxis;Lorg/jfree/data/category/CategoryDataset;IIZLorg/jfree/chart/renderer/category/CategoryItemRendererState;)Ljava/awt/Shape;" line-rate="0.0" branch-rate="1.0">
							<lines>
								<line number="1916" hits="0" branch="false"/>
							</lines>
						</method>
						<method name="createState" signature="(Lorg/jfree/chart/plot/PlotRenderingInfo;)Lorg/jfree/chart/renderer/category/CategoryItemRendererState;" line-rate="1.0" branch-rate="0.75">
							<lines>
								<line number="826" hits="34" branch="false"/>
								<line number="827" hits="34" branch="false"/>
								<line number="828" hits="34" branch="false"/>
								<line number="829" hits="91" branch="true" condition-coverage="100% (2/2)">
									<conditions>
										<condition number="0" type="jump" coverage="100%"/>
									</conditions>
								</line>
								<line number="830" hits="57" branch="true" condition-coverage="50% (1/2)">
									<conditions>
										<condition number="0" type="jump" coverage="50%"/>
									</conditions>
								</line>
								<line number="831" hits="57" branch="false"/>
								<line number="832" hits="57" branch="false"/>
								<line number="835" hits="34" branch="false"/>
								<line number="836" hits="34" branch="false"/>
								<line number="838" hits="34" branch="false"/>
								<line number="839" hits="34" branch="false"/>
							</lines>
						</method>
						<method name="drawAnnotations" signature="(Ljava/awt/Graphics2D;Ljava/awt/geom/Rectangle2D;Lorg/jfree/chart/axis/CategoryAxis;Lorg/jfree/chart/axis/ValueAxis;Lorg/jfree/chart/util/Layer;Lorg/jfree/chart/plot/PlotRenderingInfo;)V" line-rate="0.6363636363636364" branch-rate="0.6666666666666666">
							<lines>
								<line number="1651" hits="80" branch="false"/>
								<line number="1652" hits="80" branch="true" condition-coverage="100% (2/2)">
									<conditions>
										<condition number="0" type="jump" coverage="100%"/>
									</conditions>
								</line>
								<line number="1653" hits="40" branch="false"/>
								<line number="1655" hits="40" branch="true" condition-coverage="50% (1/2)">
									<conditions>
										<condition number="0" type="jump" coverage="50%"/>
									</conditions>
								</line>
								<line number="1656" hits="40" branch="false"/>
								<line number="1660" hits="0" branch="false"/>
								<line number="1662" hits="80" branch="true" condition-coverage="50% (1/2)">
									<conditions>
										<condition number="0" type="jump" coverage="50%"/>
									</conditions>
								</line>
								<line number="1663" hits="0" branch="false"/>
								<line number="1664" hits="0" branch="false"/>
								<line number="1666" hits="0" branch="false"/>
								<line number="1668" hits="80" branch="false"/>
							</lines>
						</method>
						<method name="drawBackground" signature="(Ljava/awt/Graphics2D;Lorg/jfree/chart/plot/CategoryPlot;Ljava/awt/geom/Rectangle2D;)V" line-rate="1.0" branch-rate="1.0">
							<lines>
								<line number="972" hits="38" branch="false"/>
								<line number="974" hits="38" branch="false"/>
							</lines>
						</method>
						<method name="drawDomainLine" signature="(Ljava/awt/Graphics2D;Lorg/jfree/chart/plot/CategoryPlot;Ljava/awt/geom/Rectangle2D;DLjava/awt/Paint;Ljava/awt/Stroke;)V" line-rate="0.7857142857142857" branch-rate="0.5">
							<lines>
								<line number="1016" hits="32" branch="true" condition-coverage="50% (1/2)">
									<conditions>
										<condition number="0" type="jump" coverage="50%"/>
									</conditions>
								</line>
								<line number="1017" hits="0" branch="false"/>
								<line number="1019" hits="32" branch="true" condition-coverage="50% (1/2)">
									<conditions>
										<condition number="0" type="jump" coverage="50%"/>
									</conditions>
								</line>
								<line number="1020" hits="0" branch="false"/>
								<line number="1022" hits="32" branch="false"/>
								<line number="1023" hits="32" branch="false"/>
								<line number="1025" hits="32" branch="true" condition-coverage="50% (1/2)">
									<conditions>
										<condition number="0" type="jump" coverage="50%"/>
									</conditions>
								</line>
								<line number="1026" hits="0" branch="false"/>
								<line number="1029" hits="32" branch="true" condition-coverage="50% (1/2)">
									<conditions>
										<condition number="0" type="jump" coverage="50%"/>
									</conditions>
								</line>
								<line number="1030" hits="32" branch="false"/>
								<line number="1034" hits="32" branch="false"/>
								<line number="1035" hits="32" branch="false"/>
								<line number="1036" hits="32" branch="false"/>
								<line number="1038" hits="32" branch="false"/>
							</lines>
						</method>
						<method name="drawDomainMarker" signature="(Ljava/awt/Graphics2D;Lorg/jfree/chart/plot/CategoryPlot;Lorg/jfree/chart/axis/CategoryAxis;Lorg/jfree/chart/plot/CategoryMarker;Ljava/awt/geom/Rectangle2D;)V" line-rate="0.0" branch-rate="0.0">
							<lines>
								<line number="1100" hits="0" branch="false"/>
								<line number="1101" hits="0" branch="false"/>
								<line number="1102" hits="0" branch="false"/>
								<line number="1103" hits="0" branch="true" condition-coverage="0% (0/2)">
									<conditions>
										<condition number="0" type="jump" coverage="0%"/>
									</conditions>
								</line>
								<line number="1104" hits="0" branch="false"/>
								<line number="1107" hits="0" branch="false"/>
								<line number="1108" hits="0" branch="false"/>
								<line number="1111" hits="0" branch="false"/>
								<line number="1112" hits="0" branch="false"/>
								<line number="1113" hits="0" branch="true" condition-coverage="0% (0/2)">
									<conditions>
										<condition number="0" type="jump" coverage="0%"/>
									</conditions>
								</line>
								<line number="1114" hits="0" branch="false"/>
								<line number="1117" hits="0" branch="false"/>
								<line number="1118" hits="0" branch="true" condition-coverage="0% (0/2)">
									<conditions>
										<condition number="0" type="jump" coverage="0%"/>
									</conditions>
								</line>
								<line number="1119" hits="0" branch="false"/>
								<line number="1122" hits="0" branch="true" condition-coverage="0% (0/2)">
									<conditions>
										<condition number="0" type="jump" coverage="0%"/>
									</conditions>
								</line>
								<line number="1123" hits="0" branch="false"/>
								<line number="1126" hits="0" branch="false"/>
								<line number="1127" hits="0" branch="false"/>
								<line number="1128" hits="0" branch="false"/>
								<line number="1129" hits="0" branch="false"/>
								<line number="1130" hits="0" branch="false"/>
								<line number="1132" hits="0" branch="false"/>
								<line number="1135" hits="0" branch="false"/>
								<line number="1138" hits="0" branch="false"/>
								<line number="1139" hits="0" branch="true" condition-coverage="0% (0/2)">
									<conditions>
										<condition number="0" type="jump" coverage="0%"/>
									</conditions>
								</line>
								<line number="1140" hits="0" branch="false"/>
								<line number="1143" hits="0" branch="true" condition-coverage="0% (0/2)">
									<conditions>
										<condition number="0" type="jump" coverage="0%"/>
									</conditions>
								</line>
								<line number="1144" hits="0" branch="false"/>
								<line number="1147" hits="0" branch="false"/>
								<line number="1148" hits="0" branch="false"/>
								<line number="1149" hits="0" branch="false"/>
								<line number="1152" hits="0" branch="false"/>
								<line number="1153" hits="0" branch="false"/>
								<line number="1154" hits="0" branch="true" condition-coverage="0% (0/2)">
									<conditions>
										<condition number="0" type="jump" coverage="0%"/>
									</conditions>
								</line>
								<line number="1155" hits="0" branch="false"/>
								<line number="1156" hits="0" branch="false"/>
								<line number="1157" hits="0" branch="false"/>
								<line number="1158" hits="0" branch="false"/>
								<line number="1161" hits="0" branch="false"/>
								<line number="1165" hits="0" branch="false"/>
								<line number="1166" hits="0" branch="false"/>
							</lines>
						</method>
						<method name="drawItemLabel" signature="(Ljava/awt/Graphics2D;Lorg/jfree/chart/plot/PlotOrientation;Lorg/jfree/data/category/CategoryDataset;IIZDDZ)V" line-rate="0.0" branch-rate="0.0">
							<lines>
								<line number="1610" hits="0" branch="false"/>
								<line number="1612" hits="0" branch="true" condition-coverage="0% (0/2)">
									<conditions>
										<condition number="0" type="jump" coverage="0%"/>
									</conditions>
								</line>
								<line number="1613" hits="0" branch="false"/>
								<line number="1614" hits="0" branch="false"/>
								<line number="1615" hits="0" branch="false"/>
								<line number="1616" hits="0" branch="false"/>
								<line number="1617" hits="0" branch="false"/>
								<line number="1618" hits="0" branch="false"/>
								<line number="1619" hits="0" branch="true" condition-coverage="0% (0/2)">
									<conditions>
										<condition number="0" type="jump" coverage="0%"/>
									</conditions>
								</line>
								<line number="1620" hits="0" branch="false"/>
								<line number="1623" hits="0" branch="false"/>
								<line number="1625" hits="0" branch="false"/>
								<line number="1627" hits="0" branch="false"/>
								<line number="1633" hits="0" branch="false"/>
							</lines>
						</method>
						<method name="drawOutline" signature="(Ljava/awt/Graphics2D;Lorg/jfree/chart/plot/CategoryPlot;Ljava/awt/geom/Rectangle2D;)V" line-rate="1.0" branch-rate="1.0">
							<lines>
								<line number="989" hits="38" branch="false"/>
								<line number="991" hits="38" branch="false"/>
							</lines>
						</method>
						<method name="drawRangeLine" signature="(Ljava/awt/Graphics2D;Lorg/jfree/chart/plot/CategoryPlot;Lorg/jfree/chart/axis/ValueAxis;Ljava/awt/geom/Rectangle2D;DLjava/awt/Paint;Ljava/awt/Stroke;)V" line-rate="0.9285714285714286" branch-rate="0.6666666666666666">
							<lines>
								<line number="1059" hits="134" branch="false"/>
								<line number="1060" hits="134" branch="true" condition-coverage="50% (1/2)">
									<conditions>
										<condition number="0" type="jump" coverage="50%"/>
									</conditions>
								</line>
								<line number="1061" hits="0" branch="false"/>
								<line number="1064" hits="134" branch="false"/>
								<line number="1065" hits="134" branch="false"/>
								<line number="1066" hits="134" branch="false"/>
								<line number="1067" hits="134" branch="true" condition-coverage="100% (2/2)">
									<conditions>
										<condition number="0" type="jump" coverage="100%"/>
									</conditions>
								</line>
								<line number="1068" hits="17" branch="false"/>
								<line number="1071" hits="117" branch="true" condition-coverage="50% (1/2)">
									<conditions>
										<condition number="0" type="jump" coverage="50%"/>
									</conditions>
								</line>
								<line number="1072" hits="117" branch="false"/>
								<line number="1076" hits="134" branch="false"/>
								<line number="1077" hits="134" branch="false"/>
								<line number="1078" hits="134" branch="false"/>
								<line number="1080" hits="134" branch="false"/>
							</lines>
						</method>
						<method name="drawRangeMarker" signature="(Ljava/awt/Graphics2D;Lorg/jfree/chart/plot/CategoryPlot;Lorg/jfree/chart/axis/ValueAxis;Lorg/jfree/chart/plot/Marker;Ljava/awt/geom/Rectangle2D;)V" line-rate="0.3125" branch-rate="0.23684210526315788">
							<lines>
								<line number="1186" hits="3" branch="true" condition-coverage="100% (2/2)">
									<conditions>
										<condition number="0" type="jump" coverage="100%"/>
									</conditions>
								</line>
								<line number="1187" hits="2" branch="false"/>
								<line number="1188" hits="2" branch="false"/>
								<line number="1189" hits="2" branch="false"/>
								<line number="1191" hits="2" branch="true" condition-coverage="100% (2/2)">
									<conditions>
										<condition number="0" type="jump" coverage="100%"/>
									</conditions>
								</line>
								<line number="1192" hits="1" branch="false"/>
								<line number="1195" hits="1" branch="false"/>
								<line number="1196" hits="1" branch="false"/>
								<line number="1199" hits="1" branch="false"/>
								<line number="1200" hits="1" branch="false"/>
								<line number="1202" hits="1" branch="false"/>
								<line number="1203" hits="1" branch="true" condition-coverage="50% (1/2)">
									<conditions>
										<condition number="0" type="jump" coverage="50%"/>
									</conditions>
								</line>
								<line number="1204" hits="0" branch="false"/>
								<line number="1207" hits="1" branch="true" condition-coverage="50% (1/2)">
									<conditions>
										<condition number="0" type="jump" coverage="50%"/>
									</conditions>
								</line>
								<line number="1208" hits="1" branch="false"/>
								<line number="1212" hits="1" branch="false"/>
								<line number="1213" hits="1" branch="false"/>
								<line number="1214" hits="1" branch="false"/>
								<line number="1216" hits="1" branch="false"/>
								<line number="1217" hits="1" branch="false"/>
								<line number="1218" hits="1" branch="true" condition-coverage="50% (1/2)">
									<conditions>
										<condition number="0" type="jump" coverage="50%"/>
									</conditions>
								</line>
								<line number="1219" hits="0" branch="false"/>
								<line number="1220" hits="0" branch="false"/>
								<line number="1221" hits="0" branch="false"/>
								<line number="1222" hits="0" branch="false"/>
								<line number="1226" hits="0" branch="false"/>
								<line number="1230" hits="1" branch="false"/>
								<line number="1231" hits="1" branch="false"/>
								<line number="1232" hits="1" branch="true" condition-coverage="50% (1/2)">
									<conditions>
										<condition number="0" type="jump" coverage="50%"/>
									</conditions>
								</line>
								<line number="1233" hits="1" branch="false"/>
								<line number="1234" hits="1" branch="false"/>
								<line number="1235" hits="1" branch="false"/>
								<line number="1236" hits="1" branch="false"/>
								<line number="1237" hits="1" branch="true" condition-coverage="50% (1/2)">
									<conditions>
										<condition number="0" type="jump" coverage="50%"/>
									</conditions>
								</line>
								<line number="1238" hits="1" branch="false"/>
								<line number="1241" hits="0" branch="false"/>
								<line number="1242" hits="0" branch="false"/>
								<line number="1245" hits="0" branch="false"/>
								<line number="1247" hits="0" branch="false"/>
								<line number="1249" hits="0" branch="false"/>
								<line number="1250" hits="0" branch="false"/>
								<line number="1252" hits="0" branch="false"/>
								<line number="1253" hits="0" branch="false"/>
								<line number="1254" hits="0" branch="true" condition-coverage="0% (0/2)">
									<conditions>
										<condition number="0" type="jump" coverage="0%"/>
									</conditions>
								</line>
								<line number="1256" hits="0" branch="false"/>
								<line number="1257" hits="0" branch="false"/>
								<line number="1258" hits="0" branch="false"/>
								<line number="1262" hits="0" branch="true" condition-coverage="0% (0/2)">
									<conditions>
										<condition number="0" type="jump" coverage="0%"/>
									</conditions>
								</line>
								<line number="1264" hits="0" branch="false"/>
								<line number="1265" hits="0" branch="false"/>
								<line number="1266" hits="0" branch="false"/>
								<line number="1270" hits="0" branch="false"/>
								<line number="1271" hits="0" branch="true" condition-coverage="0% (0/2)">
									<conditions>
										<condition number="0" type="jump" coverage="0%"/>
									</conditions>
								</line>
								<line number="1272" hits="0" branch="false"/>
								<line number="1273" hits="0" branch="false"/>
								<line number="1274" hits="0" branch="true" condition-coverage="0% (0/2)">
									<conditions>
										<condition number="0" type="jump" coverage="0%"/>
									</conditions>
								</line>
								<line number="1275" hits="0" branch="false"/>
								<line number="1277" hits="0" branch="false"/>
								<line number="1278" hits="0" branch="false"/>
								<line number="1280" hits="0" branch="false"/>
								<line number="1282" hits="0" branch="false"/>
								<line number="1285" hits="0" branch="true" condition-coverage="0% (0/4)">
									<conditions>
										<condition number="0" type="jump" coverage="0%"/>
										<condition number="1" type="jump" coverage="0%"/>
									</conditions>
								</line>
								<line number="1286" hits="0" branch="true" condition-coverage="0% (0/2)">
									<conditions>
										<condition number="0" type="jump" coverage="0%"/>
									</conditions>
								</line>
								<line number="1287" hits="0" branch="false"/>
								<line number="1288" hits="0" branch="false"/>
								<line number="1289" hits="0" branch="false"/>
								<line number="1290" hits="0" branch="false"/>
								<line number="1291" hits="0" branch="false"/>
								<line number="1292" hits="0" branch="true" condition-coverage="0% (0/2)">
									<conditions>
										<condition number="0" type="jump" coverage="0%"/>
									</conditions>
								</line>
								<line number="1293" hits="0" branch="false"/>
								<line number="1294" hits="0" branch="false"/>
								<line number="1296" hits="0" branch="true" condition-coverage="0% (0/2)">
									<conditions>
										<condition number="0" type="jump" coverage="0%"/>
									</conditions>
								</line>
								<line number="1297" hits="0" branch="false"/>
								<line number="1298" hits="0" branch="false"/>
								<line number="1300" hits="0" branch="false"/>
								<line number="1302" hits="0" branch="false"/>
								<line number="1303" hits="0" branch="false"/>
								<line number="1304" hits="0" branch="false"/>
								<line number="1305" hits="0" branch="false"/>
								<line number="1306" hits="0" branch="false"/>
								<line number="1307" hits="0" branch="true" condition-coverage="0% (0/2)">
									<conditions>
										<condition number="0" type="jump" coverage="0%"/>
									</conditions>
								</line>
								<line number="1308" hits="0" branch="false"/>
								<line number="1309" hits="0" branch="false"/>
								<line number="1311" hits="0" branch="true" condition-coverage="0% (0/2)">
									<conditions>
										<condition number="0" type="jump" coverage="0%"/>
									</conditions>
								</line>
								<line number="1312" hits="0" branch="false"/>
								<line number="1313" hits="0" branch="false"/>
								<line number="1318" hits="0" branch="false"/>
								<line number="1319" hits="0" branch="false"/>
								<line number="1320" hits="0" branch="true" condition-coverage="0% (0/2)">
									<conditions>
										<condition number="0" type="jump" coverage="0%"/>
									</conditions>
								</line>
								<line number="1321" hits="0" branch="false"/>
								<line number="1322" hits="0" branch="false"/>
								<line number="1323" hits="0" branch="false"/>
								<line number="1324" hits="0" branch="false"/>
								<line number="1328" hits="0" branch="false"/>
								<line number="1332" hits="0" branch="false"/>
								<line number="1334" hits="1" branch="false"/>
							</lines>
						</method>
						<method name="equals" signature="(Ljava/lang/Object;)Z" line-rate="0.9285714285714286" branch-rate="0.9230769230769231">
							<lines>
								<line number="1471" hits="507" branch="true" condition-coverage="50% (1/2)">
									<conditions>
										<condition number="0" type="jump" coverage="50%"/>
									</conditions>
								</line>
								<line number="1472" hits="0" branch="false"/>
								<line number="1474" hits="507" branch="true" condition-coverage="50% (1/2)">
									<conditions>
										<condition number="0" type="jump" coverage="50%"/>
									</conditions>
								</line>
								<line number="1475" hits="0" branch="false"/>
								<line number="1477" hits="507" branch="false"/>
								<line number="1479" hits="507" branch="true" condition-coverage="100% (2/2)">
									<conditions>
										<condition number="0" type="jump" coverage="100%"/>
									</conditions>
								</line>
								<line number="1481" hits="1" branch="false"/>
								<line number="1483" hits="506" branch="true" condition-coverage="100% (2/2)">
									<conditions>
										<condition number="0" type="jump" coverage="100%"/>
									</conditions>
								</line>
								<line number="1485" hits="1" branch="false"/>
								<line number="1487" hits="505" branch="true" condition-coverage="100% (2/2)">
									<conditions>
										<condition number="0" type="jump" coverage="100%"/>
									</conditions>
								</line>
								<line number="1489" hits="1" branch="false"/>
								<line number="1491" hits="504" branch="true" condition-coverage="100% (2/2)">
									<conditions>
										<condition number="0" type="jump" coverage="100%"/>
									</conditions>
								</line>
								<line number="1493" hits="1" branch="false"/>
								<line number="1495" hits="503" branch="true" condition-coverage="100% (2/2)">
									<conditions>
										<condition number="0" type="jump" coverage="100%"/>
									</conditions>
								</line>
								<line number="1497" hits="1" branch="false"/>
								<line number="1499" hits="502" branch="true" condition-coverage="100% (2/2)">
									<conditions>
										<condition number="0" type="jump" coverage="100%"/>
									</conditions>
								</line>
								<line number="1501" hits="1" branch="false"/>
								<line number="1503" hits="501" branch="true" condition-coverage="100% (2/2)">
									<conditions>
										<condition number="0" type="jump" coverage="100%"/>
									</conditions>
								</line>
								<line number="1505" hits="1" branch="false"/>
								<line number="1507" hits="500" branch="true" condition-coverage="100% (2/2)">
									<conditions>
										<condition number="0" type="jump" coverage="100%"/>
									</conditions>
								</line>
								<line number="1509" hits="1" branch="false"/>
								<line number="1511" hits="499" branch="true" condition-coverage="100% (2/2)">
									<conditions>
										<condition number="0" type="jump" coverage="100%"/>
									</conditions>
								</line>
								<line number="1513" hits="1" branch="false"/>
								<line number="1515" hits="498" branch="true" condition-coverage="100% (2/2)">
									<conditions>
										<condition number="0" type="jump" coverage="100%"/>
									</conditions>
								</line>
								<line number="1517" hits="1" branch="false"/>
								<line number="1519" hits="497" branch="true" condition-coverage="100% (2/2)">
									<conditions>
										<condition number="0" type="jump" coverage="100%"/>
									</conditions>
								</line>
								<line number="1521" hits="1" branch="false"/>
								<line number="1523" hits="496" branch="false"/>
							</lines>
						</method>
						<method name="findRangeBounds" signature="(Lorg/jfree/data/category/CategoryDataset;)Lorg/jfree/data/Range;" line-rate="1.0" branch-rate="1.0">
							<lines>
								<line number="902" hits="371" branch="false"/>
							</lines>
						</method>
						<method name="findRangeBounds" signature="(Lorg/jfree/data/category/CategoryDataset;Z)Lorg/jfree/data/Range;" line-rate="0.9" branch-rate="0.75">
							<lines>
								<line number="919" hits="378" branch="true" condition-coverage="100% (2/2)">
									<conditions>
										<condition number="0" type="jump" coverage="100%"/>
									</conditions>
								</line>
								<line number="920" hits="5" branch="false"/>
								<line number="922" hits="373" branch="true" condition-coverage="50% (1/2)">
									<conditions>
										<condition number="0" type="jump" coverage="50%"/>
									</conditions>
								</line>
								<line number="923" hits="373" branch="false"/>
								<line number="924" hits="373" branch="false"/>
								<line number="925" hits="1035" branch="true" condition-coverage="100% (2/2)">
									<conditions>
										<condition number="0" type="jump" coverage="100%"/>
									</conditions>
								</line>
								<line number="926" hits="662" branch="true" condition-coverage="50% (1/2)">
									<conditions>
										<condition number="0" type="jump" coverage="50%"/>
									</conditions>
								</line>
								<line number="927" hits="662" branch="false"/>
								<line number="930" hits="373" branch="false"/>
								<line number="934" hits="0" branch="false"/>
							</lines>
						</method>
						<method name="getBaseItemLabelGenerator" signature="()Lorg/jfree/chart/labels/CategoryItemLabelGenerator;" line-rate="0.0" branch-rate="1.0">
							<lines>
								<line number="381" hits="0" branch="false"/>
							</lines>
						</method>
						<method name="getBaseToolTipGenerator" signature="()Lorg/jfree/chart/labels/CategoryToolTipGenerator;" line-rate="0.0" branch-rate="1.0">
							<lines>
								<line number="499" hits="0" branch="false"/>
							</lines>
						</method>
						<method name="getBaseURLGenerator" signature="()Lorg/jfree/chart/urls/CategoryURLGenerator;" line-rate="0.0" branch-rate="1.0">
							<lines>
								<line number="611" hits="0" branch="false"/>
							</lines>
						</method>
						<method name="getColumnCount" signature="()I" line-rate="1.0" branch-rate="1.0">
							<lines>
								<line number="810" hits="429" branch="false"/>
							</lines>
						</method>
						<method name="getDomainAxis" signature="(Lorg/jfree/chart/plot/CategoryPlot;Lorg/jfree/data/category/CategoryDataset;)Lorg/jfree/chart/axis/CategoryAxis;" line-rate="1.0" branch-rate="1.0">
							<lines>
								<line number="1762" hits="26" branch="false"/>
								<line number="1763" hits="26" branch="false"/>
							</lines>
						</method>
						<method name="getDrawingSupplier" signature="()Lorg/jfree/chart/plot/DrawingSupplier;" line-rate="1.0" branch-rate="0.5">
							<lines>
								<line number="1542" hits="104" branch="false"/>
								<line number="1543" hits="104" branch="false"/>
								<line number="1544" hits="104" branch="true" condition-coverage="50% (1/2)">
									<conditions>
										<condition number="0" type="jump" coverage="50%"/>
									</conditions>
								</line>
								<line number="1545" hits="104" branch="false"/>
								<line number="1547" hits="104" branch="false"/>
							</lines>
						</method>
						<method name="getItemLabelGenerator" signature="(IIZ)Lorg/jfree/chart/labels/CategoryItemLabelGenerator;" line-rate="1.0" branch-rate="0.5">
							<lines>
								<line number="317" hits="108" branch="false"/>
								<line number="319" hits="108" branch="true" condition-coverage="50% (1/2)">
									<conditions>
										<condition number="0" type="jump" coverage="50%"/>
									</conditions>
								</line>
								<line number="320" hits="108" branch="false"/>
								<line number="322" hits="108" branch="false"/>
							</lines>
						</method>
						<method name="getItemMiddle" signature="(Ljava/lang/Comparable;Ljava/lang/Comparable;Lorg/jfree/data/category/CategoryDataset;Lorg/jfree/chart/axis/CategoryAxis;Ljava/awt/geom/Rectangle2D;Lorg/jfree/chart/util/RectangleEdge;)D" line-rate="0.0" branch-rate="1.0">
							<lines>
								<line number="955" hits="0" branch="false"/>
							</lines>
						</method>
						<method name="getLegendItem" signature="(II)Lorg/jfree/chart/LegendItem;" line-rate="0.8214285714285714" branch-rate="0.5">
							<lines>
								<line number="1419" hits="1" branch="false"/>
								<line number="1420" hits="1" branch="true" condition-coverage="50% (1/2)">
									<conditions>
										<condition number="0" type="jump" coverage="50%"/>
									</conditions>
								</line>
								<line number="1421" hits="0" branch="false"/>
								<line number="1425" hits="1" branch="true" condition-coverage="50% (2/4)">
									<conditions>
										<condition number="0" type="jump" coverage="50%"/>
										<condition number="1" type="jump" coverage="50%"/>
									</conditions>
								</line>
								<line number="1426" hits="0" branch="false"/>
								<line number="1429" hits="1" branch="false"/>
								<line number="1430" hits="1" branch="false"/>
								<line number="1432" hits="1" branch="false"/>
								<line number="1433" hits="1" branch="false"/>
								<line number="1434" hits="1" branch="true" condition-coverage="50% (1/2)">
									<conditions>
										<condition number="0" type="jump" coverage="50%"/>
									</conditions>
								</line>
								<line number="1435" hits="0" branch="false"/>
								<line number="1438" hits="1" branch="false"/>
								<line number="1439" hits="1" branch="true" condition-coverage="50% (1/2)">
									<conditions>
										<condition number="0" type="jump" coverage="50%"/>
									</conditions>
								</line>
								<line number="1440" hits="0" branch="false"/>
								<line number="1443" hits="1" branch="false"/>
								<line number="1444" hits="1" branch="false"/>
								<line number="1445" hits="1" branch="false"/>
								<line number="1446" hits="1" branch="false"/>
								<line number="1448" hits="1" branch="false"/>
								<line number="1450" hits="1" branch="false"/>
								<line number="1451" hits="1" branch="false"/>
								<line number="1452" hits="1" branch="true" condition-coverage="50% (1/2)">
									<conditions>
										<condition number="0" type="jump" coverage="50%"/>
									</conditions>
								</line>
								<line number="1453" hits="0" branch="false"/>
								<line number="1455" hits="1" branch="false"/>
								<line number="1456" hits="1" branch="false"/>
								<line number="1457" hits="1" branch="false"/>
								<line number="1458" hits="1" branch="false"/>
								<line number="1459" hits="1" branch="false"/>
							</lines>
						</method>
						<method name="getLegendItemLabelGenerator" signature="()Lorg/jfree/chart/labels/CategorySeriesLabelGenerator;" line-rate="1.0" branch-rate="1.0">
							<lines>
								<line number="723" hits="9" branch="false"/>
							</lines>
						</method>
						<method name="getLegendItemToolTipGenerator" signature="()Lorg/jfree/chart/labels/CategorySeriesLabelGenerator;" line-rate="1.0" branch-rate="1.0">
							<lines>
								<line number="751" hits="9" branch="false"/>
							</lines>
						</method>
						<method name="getLegendItemURLGenerator" signature="()Lorg/jfree/chart/labels/CategorySeriesLabelGenerator;" line-rate="1.0" branch-rate="1.0">
							<lines>
								<line number="776" hits="9" branch="false"/>
							</lines>
						</method>
						<method name="getLegendItems" signature="()Lorg/jfree/chart/LegendItemCollection;" line-rate="0.35" branch-rate="0.16666666666666666">
							<lines>
								<line number="1791" hits="43" branch="false"/>
								<line number="1792" hits="43" branch="true" condition-coverage="100% (2/2)">
									<conditions>
										<condition number="0" type="jump" coverage="100%"/>
									</conditions>
								</line>
								<line number="1793" hits="2" branch="false"/>
								<line number="1795" hits="41" branch="false"/>
								<line number="1796" hits="41" branch="false"/>
								<line number="1797" hits="41" branch="true" condition-coverage="50% (1/2)">
									<conditions>
										<condition number="0" type="jump" coverage="50%"/>
									</conditions>
								</line>
								<line number="1798" hits="41" branch="false"/>
								<line number="1800" hits="0" branch="false"/>
								<line number="1801" hits="0" branch="true" condition-coverage="0% (0/2)">
									<conditions>
										<condition number="0" type="jump" coverage="0%"/>
									</conditions>
								</line>
								<line number="1802" hits="0" branch="true" condition-coverage="0% (0/2)">
									<conditions>
										<condition number="0" type="jump" coverage="0%"/>
									</conditions>
								</line>
								<line number="1803" hits="0" branch="true" condition-coverage="0% (0/2)">
									<conditions>
										<condition number="0" type="jump" coverage="0%"/>
									</conditions>
								</line>
								<line number="1804" hits="0" branch="false"/>
								<line number="1805" hits="0" branch="true" condition-coverage="0% (0/2)">
									<conditions>
										<condition number="0" type="jump" coverage="0%"/>
									</conditions>
								</line>
								<line number="1806" hits="0" branch="false"/>
								<line number="1812" hits="0" branch="true" condition-coverage="0% (0/2)">
									<conditions>
										<condition number="0" type="jump" coverage="0%"/>
									</conditions>
								</line>
								<line number="1813" hits="0" branch="true" condition-coverage="0% (0/2)">
									<conditions>
										<condition number="0" type="jump" coverage="0%"/>
									</conditions>
								</line>
								<line number="1814" hits="0" branch="false"/>
								<line number="1815" hits="0" branch="true" condition-coverage="0% (0/2)">
									<conditions>
										<condition number="0" type="jump" coverage="0%"/>
									</conditions>
								</line>
								<line number="1816" hits="0" branch="false"/>
								<line number="1821" hits="0" branch="false"/>
							</lines>
						</method>
						<method name="getPassCount" signature="()I" line-rate="1.0" branch-rate="1.0">
							<lines>
								<line number="267" hits="26" branch="false"/>
							</lines>
						</method>
						<method name="getPlot" signature="()Lorg/jfree/chart/plot/CategoryPlot;" line-rate="1.0" branch-rate="1.0">
							<lines>
								<line number="280" hits="115" branch="false"/>
							</lines>
						</method>
						<method name="getRangeAxis" signature="(Lorg/jfree/chart/plot/CategoryPlot;I)Lorg/jfree/chart/axis/ValueAxis;" line-rate="0.0" branch-rate="0.0">
							<lines>
								<line number="1775" hits="0" branch="false"/>
								<line number="1776" hits="0" branch="true" condition-coverage="0% (0/2)">
									<conditions>
										<condition number="0" type="jump" coverage="0%"/>
									</conditions>
								</line>
								<line number="1777" hits="0" branch="false"/>
								<line number="1779" hits="0" branch="false"/>
							</lines>
						</method>
						<method name="getRowCount" signature="()I" line-rate="1.0" branch-rate="1.0">
							<lines>
								<line number="800" hits="11" branch="false"/>
							</lines>
						</method>
						<method name="getSeriesItemLabelGenerator" signature="(I)Lorg/jfree/chart/labels/CategoryItemLabelGenerator;" line-rate="1.0" branch-rate="1.0">
							<lines>
								<line number="335" hits="4" branch="false"/>
							</lines>
						</method>
						<method name="getSeriesToolTipGenerator" signature="(I)Lorg/jfree/chart/labels/CategoryToolTipGenerator;" line-rate="1.0" branch-rate="1.0">
							<lines>
								<line number="453" hits="13" branch="false"/>
							</lines>
						</method>
						<method name="getSeriesURLGenerator" signature="(I)Lorg/jfree/chart/urls/CategoryURLGenerator;" line-rate="1.0" branch-rate="1.0">
							<lines>
								<line number="566" hits="4" branch="false"/>
							</lines>
						</method>
						<method name="getToolTipGenerator" signature="(IIZ)Lorg/jfree/chart/labels/CategoryToolTipGenerator;" line-rate="1.0" branch-rate="1.0">
							<lines>
								<line number="434" hits="13" branch="false"/>
								<line number="435" hits="13" branch="false"/>
								<line number="436" hits="13" branch="true" condition-coverage="100% (2/2)">
									<conditions>
										<condition number="0" type="jump" coverage="100%"/>
									</conditions>
								</line>
								<line number="437" hits="3" branch="false"/>
								<line number="439" hits="13" branch="false"/>
							</lines>
						</method>
						<method name="getURLGenerator" signature="(IIZ)Lorg/jfree/chart/urls/CategoryURLGenerator;" line-rate="1.0" branch-rate="1.0">
							<lines>
								<line number="548" hits="13" branch="false"/>
								<line number="550" hits="13" branch="true" condition-coverage="100% (2/2)">
									<conditions>
										<condition number="0" type="jump" coverage="100%"/>
									</conditions>
								</line>
								<line number="551" hits="3" branch="false"/>
								<line number="553" hits="13" branch="false"/>
							</lines>
						</method>
						<method name="hashCode" signature="()I" line-rate="1.0" branch-rate="1.0">
							<lines>
								<line number="1532" hits="104" branch="false"/>
								<line number="1533" hits="104" branch="false"/>
							</lines>
						</method>
						<method name="hitTest" signature="(DDLjava/awt/Graphics2D;Ljava/awt/geom/Rectangle2D;Lorg/jfree/chart/plot/CategoryPlot;Lorg/jfree/chart/axis/CategoryAxis;Lorg/jfree/chart/axis/ValueAxis;Lorg/jfree/data/category/CategoryDataset;IIZLorg/jfree/chart/renderer/category/CategoryItemRendererState;)Z" line-rate="0.0" branch-rate="0.0">
							<lines>
								<line number="1983" hits="0" branch="false"/>
								<line number="1986" hits="0" branch="true" condition-coverage="0% (0/2)">
									<conditions>
										<condition number="0" type="jump" coverage="0%"/>
									</conditions>
								</line>
								<line number="1987" hits="0" branch="false"/>
								<line number="1991" hits="0" branch="false"/>
							</lines>
						</method>
						<method name="initialise" signature="(Ljava/awt/Graphics2D;Ljava/awt/geom/Rectangle2D;Lorg/jfree/chart/plot/CategoryPlot;Lorg/jfree/data/category/CategoryDataset;Lorg/jfree/chart/plot/PlotRenderingInfo;)Lorg/jfree/chart/renderer/category/CategoryItemRendererState;" line-rate="0.8888888888888888" branch-rate="0.8">
							<lines>
								<line number="860" hits="34" branch="false"/>
								<line number="861" hits="34" branch="true" condition-coverage="50% (1/2)">
									<conditions>
										<condition number="0" type="jump" coverage="50%"/>
									</conditions>
								</line>
								<line number="862" hits="34" branch="false"/>
								<line number="863" hits="34" branch="false"/>
								<line number="866" hits="0" branch="false"/>
								<line number="867" hits="0" branch="false"/>
								<line number="869" hits="34" branch="false"/>
								<line number="872" hits="34" branch="false"/>
								<line number="873" hits="34" branch="true" condition-coverage="100% (2/2)">
									<conditions>
										<condition number="0" type="jump" coverage="100%"/>
									</conditions>
								</line>
								<line number="874" hits="16" branch="false"/>
								<line number="875" hits="16" branch="false"/>
								<line number="879" hits="34" branch="true" condition-coverage="75% (3/4)">
									<conditions>
										<condition number="0" type="jump" coverage="100%"/>
										<condition number="1" type="jump" coverage="50%"/>
									</conditions>
								</line>
								<line number="880" hits="18" branch="false"/>
								<line number="881" hits="18" branch="true" condition-coverage="100% (2/2)">
									<conditions>
										<condition number="0" type="jump" coverage="100%"/>
									</conditions>
								</line>
								<line number="882" hits="9" branch="false"/>
								<line number="883" hits="9" branch="false"/>
								<line number="887" hits="34" branch="false"/>
								<line number="889" hits="34" branch="false"/>
							</lines>
						</method>
						<method name="removeAnnotation" signature="(Lorg/jfree/chart/annotations/CategoryAnnotation;)Z" line-rate="0.0" branch-rate="1.0">
							<lines>
								<line number="697" hits="0" branch="false"/>
								<line number="698" hits="0" branch="false"/>
								<line number="699" hits="0" branch="false"/>
								<line number="700" hits="0" branch="false"/>
							</lines>
						</method>
						<method name="removeAnnotations" signature="()V" line-rate="0.0" branch-rate="1.0">
							<lines>
								<line number="710" hits="0" branch="false"/>
								<line number="711" hits="0" branch="false"/>
								<line number="712" hits="0" branch="false"/>
								<line number="713" hits="0" branch="false"/>
							</lines>
						</method>
						<method name="setBaseItemLabelGenerator" signature="(Lorg/jfree/chart/labels/CategoryItemLabelGenerator;)V" line-rate="1.0" branch-rate="1.0">
							<lines>
								<line number="394" hits="8" branch="false"/>
								<line number="395" hits="8" branch="false"/>
							</lines>
						</method>
						<method name="setBaseItemLabelGenerator" signature="(Lorg/jfree/chart/labels/CategoryItemLabelGenerator;Z)V" line-rate="1.0" branch-rate="0.5">
							<lines>
								<line number="410" hits="8" branch="false"/>
								<line number="411" hits="8" branch="true" condition-coverage="50% (1/2)">
									<conditions>
										<condition number="0" type="jump" coverage="50%"/>
									</conditions>
								</line>
								<line number="412" hits="8" branch="false"/>
								<line number="414" hits="8" branch="false"/>
							</lines>
						</method>
						<method name="setBaseToolTipGenerator" signature="(Lorg/jfree/chart/labels/CategoryToolTipGenerator;)V" line-rate="1.0" branch-rate="1.0">
							<lines>
								<line number="511" hits="74" branch="false"/>
								<line number="512" hits="74" branch="false"/>
							</lines>
						</method>
						<method name="setBaseToolTipGenerator" signature="(Lorg/jfree/chart/labels/CategoryToolTipGenerator;Z)V" line-rate="1.0" branch-rate="0.5">
							<lines>
								<line number="527" hits="74" branch="false"/>
								<line number="528" hits="74" branch="true" condition-coverage="50% (1/2)">
									<conditions>
										<condition number="0" type="jump" coverage="50%"/>
									</conditions>
								</line>
								<line number="529" hits="74" branch="false"/>
								<line number="531" hits="74" branch="false"/>
							</lines>
						</method>
						<method name="setBaseURLGenerator" signature="(Lorg/jfree/chart/urls/CategoryURLGenerator;)V" line-rate="1.0" branch-rate="1.0">
							<lines>
								<line number="622" hits="3" branch="false"/>
								<line number="623" hits="3" branch="false"/>
							</lines>
						</method>
						<method name="setBaseURLGenerator" signature="(Lorg/jfree/chart/urls/CategoryURLGenerator;Z)V" line-rate="1.0" branch-rate="0.5">
							<lines>
								<line number="637" hits="3" branch="false"/>
								<line number="638" hits="3" branch="true" condition-coverage="50% (1/2)">
									<conditions>
										<condition number="0" type="jump" coverage="50%"/>
									</conditions>
								</line>
								<line number="639" hits="3" branch="false"/>
								<line number="641" hits="3" branch="false"/>
							</lines>
						</method>
						<method name="setLegendItemLabelGenerator" signature="(Lorg/jfree/chart/labels/CategorySeriesLabelGenerator;)V" line-rate="0.8" branch-rate="0.5">
							<lines>
								<line number="736" hits="3" branch="true" condition-coverage="50% (1/2)">
									<conditions>
										<condition number="0" type="jump" coverage="50%"/>
									</conditions>
								</line>
								<line number="737" hits="0" branch="false"/>
								<line number="739" hits="3" branch="false"/>
								<line number="740" hits="3" branch="false"/>
								<line number="741" hits="3" branch="false"/>
							</lines>
						</method>
						<method name="setLegendItemToolTipGenerator" signature="(Lorg/jfree/chart/labels/CategorySeriesLabelGenerator;)V" line-rate="1.0" branch-rate="1.0">
							<lines>
								<line number="764" hits="3" branch="false"/>
								<line number="765" hits="3" branch="false"/>
								<line number="766" hits="3" branch="false"/>
							</lines>
						</method>
						<method name="setLegendItemURLGenerator" signature="(Lorg/jfree/chart/labels/CategorySeriesLabelGenerator;)V" line-rate="1.0" branch-rate="1.0">
							<lines>
								<line number="789" hits="3" branch="false"/>
								<line number="790" hits="3" branch="false"/>
								<line number="791" hits="3" branch="false"/>
							</lines>
						</method>
						<method name="setPlot" signature="(Lorg/jfree/chart/plot/CategoryPlot;)V" line-rate="0.75" branch-rate="0.5">
							<lines>
								<line number="293" hits="161" branch="true" condition-coverage="50% (1/2)">
									<conditions>
										<condition number="0" type="jump" coverage="50%"/>
									</conditions>
								</line>
								<line number="294" hits="0" branch="false"/>
								<line number="296" hits="161" branch="false"/>
								<line number="297" hits="161" branch="false"/>
							</lines>
						</method>
						<method name="setSeriesItemLabelGenerator" signature="(ILorg/jfree/chart/labels/CategoryItemLabelGenerator;)V" line-rate="1.0" branch-rate="1.0">
							<lines>
								<line number="350" hits="6" branch="false"/>
								<line number="351" hits="6" branch="false"/>
							</lines>
						</method>
						<method name="setSeriesItemLabelGenerator" signature="(ILorg/jfree/chart/labels/CategoryItemLabelGenerator;Z)V" line-rate="1.0" branch-rate="0.5">
							<lines>
								<line number="367" hits="6" branch="false"/>
								<line number="368" hits="6" branch="true" condition-coverage="50% (1/2)">
									<conditions>
										<condition number="0" type="jump" coverage="50%"/>
									</conditions>
								</line>
								<line number="369" hits="6" branch="false"/>
								<line number="371" hits="6" branch="false"/>
							</lines>
						</method>
						<method name="setSeriesToolTipGenerator" signature="(ILorg/jfree/chart/labels/CategoryToolTipGenerator;)V" line-rate="1.0" branch-rate="1.0">
							<lines>
								<line number="467" hits="12" branch="false"/>
								<line number="468" hits="12" branch="false"/>
							</lines>
						</method>
						<method name="setSeriesToolTipGenerator" signature="(ILorg/jfree/chart/labels/CategoryToolTipGenerator;Z)V" line-rate="1.0" branch-rate="0.5">
							<lines>
								<line number="485" hits="12" branch="false"/>
								<line number="486" hits="12" branch="true" condition-coverage="50% (1/2)">
									<conditions>
										<condition number="0" type="jump" coverage="50%"/>
									</conditions>
								</line>
								<line number="487" hits="12" branch="false"/>
								<line number="489" hits="12" branch="false"/>
							</lines>
						</method>
						<method name="setSeriesURLGenerator" signature="(ILorg/jfree/chart/urls/CategoryURLGenerator;)V" line-rate="1.0" branch-rate="1.0">
							<lines>
								<line number="580" hits="14" branch="false"/>
								<line number="581" hits="14" branch="false"/>
							</lines>
						</method>
						<method name="setSeriesURLGenerator" signature="(ILorg/jfree/chart/urls/CategoryURLGenerator;Z)V" line-rate="1.0" branch-rate="0.5">
							<lines>
								<line number="597" hits="14" branch="false"/>
								<line number="598" hits="14" branch="true" condition-coverage="50% (1/2)">
									<conditions>
										<condition number="0" type="jump" coverage="50%"/>
									</conditions>
								</line>
								<line number="599" hits="14" branch="false"/>
								<line number="601" hits="14" branch="false"/>
							</lines>
						</method>
						<method name="updateCrosshairValues" signature="(Lorg/jfree/chart/plot/CategoryCrosshairState;Ljava/lang/Comparable;Ljava/lang/Comparable;DIDDLorg/jfree/chart/plot/PlotOrientation;)V" line-rate="0.7142857142857143" branch-rate="0.5">
							<lines>
								<line number="1573" hits="107" branch="true" condition-coverage="50% (1/2)">
									<conditions>
										<condition number="0" type="jump" coverage="50%"/>
									</conditions>
								</line>
								<line number="1574" hits="0" branch="false"/>
								<line number="1577" hits="107" branch="true" condition-coverage="50% (1/2)">
									<conditions>
										<condition number="0" type="jump" coverage="50%"/>
									</conditions>
								</line>
								<line number="1578" hits="107" branch="true" condition-coverage="50% (1/2)">
									<conditions>
										<condition number="0" type="jump" coverage="50%"/>
									</conditions>
								</line>
								<line number="1580" hits="107" branch="false"/>
								<line number="1584" hits="0" branch="false"/>
								<line number="1588" hits="107" branch="false"/>
							</lines>
						</method>
					</methods>
					<lines>
						<line number="249" hits="320" branch="false"/>
						<line number="250" hits="320" branch="false"/>
						<line number="251" hits="320" branch="false"/>
						<line number="252" hits="320" branch="false"/>
						<line number="253" hits="320" branch="false"/>
						<line number="255" hits="320" branch="false"/>
						<line number="256" hits="320" branch="false"/>
						<line number="257" hits="320" branch="false"/>
						<line number="267" hits="26" branch="false"/>
						<line number="280" hits="115" branch="false"/>
						<line number="293" hits="161" branch="true" condition-coverage="50% (1/2)">
							<conditions>
								<condition number="0" type="jump" coverage="50%"/>
							</conditions>
						</line>
						<line number="294" hits="0" branch="false"/>
						<line number="296" hits="161" branch="false"/>
						<line number="297" hits="161" branch="false"/>
						<line number="317" hits="108" branch="false"/>
						<line number="319" hits="108" branch="true" condition-coverage="50% (1/2)">
							<conditions>
								<condition number="0" type="jump" coverage="50%"/>
							</conditions>
						</line>
						<line number="320" hits="108" branch="false"/>
						<line number="322" hits="108" branch="false"/>
						<line number="335" hits="4" branch="false"/>
						<line number="350" hits="6" branch="false"/>
						<line number="351" hits="6" branch="false"/>
						<line number="367" hits="6" branch="false"/>
						<line number="368" hits="6" branch="true" condition-coverage="50% (1/2)">
							<conditions>
								<condition number="0" type="jump" coverage="50%"/>
							</conditions>
						</line>
						<line number="369" hits="6" branch="false"/>
						<line number="371" hits="6" branch="false"/>
						<line number="381" hits="0" branch="false"/>
						<line number="394" hits="8" branch="false"/>
						<line number="395" hits="8" branch="false"/>
						<line number="410" hits="8" branch="false"/>
						<line number="411" hits="8" branch="true" condition-coverage="50% (1/2)">
							<conditions>
								<condition number="0" type="jump" coverage="50%"/>
							</conditions>
						</line>
						<line number="412" hits="8" branch="false"/>
						<line number="414" hits="8" branch="false"/>
						<line number="434" hits="13" branch="false"/>
						<line number="435" hits="13" branch="false"/>
						<line number="436" hits="13" branch="true" condition-coverage="100% (2/2)">
							<conditions>
								<condition number="0" type="jump" coverage="100%"/>
							</conditions>
						</line>
						<line number="437" hits="3" branch="false"/>
						<line number="439" hits="13" branch="false"/>
						<line number="453" hits="13" branch="false"/>
						<line number="467" hits="12" branch="false"/>
						<line number="468" hits="12" branch="false"/>
						<line number="485" hits="12" branch="false"/>
						<line number="486" hits="12" branch="true" condition-coverage="50% (1/2)">
							<conditions>
								<condition number="0" type="jump" coverage="50%"/>
							</conditions>
						</line>
						<line number="487" hits="12" branch="false"/>
						<line number="489" hits="12" branch="false"/>
						<line number="499" hits="0" branch="false"/>
						<line number="511" hits="74" branch="false"/>
						<line number="512" hits="74" branch="false"/>
						<line number="527" hits="74" branch="false"/>
						<line number="528" hits="74" branch="true" condition-coverage="50% (1/2)">
							<conditions>
								<condition number="0" type="jump" coverage="50%"/>
							</conditions>
						</line>
						<line number="529" hits="74" branch="false"/>
						<line number="531" hits="74" branch="false"/>
						<line number="548" hits="13" branch="false"/>
						<line number="550" hits="13" branch="true" condition-coverage="100% (2/2)">
							<conditions>
								<condition number="0" type="jump" coverage="100%"/>
							</conditions>
						</line>
						<line number="551" hits="3" branch="false"/>
						<line number="553" hits="13" branch="false"/>
						<line number="566" hits="4" branch="false"/>
						<line number="580" hits="14" branch="false"/>
						<line number="581" hits="14" branch="false"/>
						<line number="597" hits="14" branch="false"/>
						<line number="598" hits="14" branch="true" condition-coverage="50% (1/2)">
							<conditions>
								<condition number="0" type="jump" coverage="50%"/>
							</conditions>
						</line>
						<line number="599" hits="14" branch="false"/>
						<line number="601" hits="14" branch="false"/>
						<line number="611" hits="0" branch="false"/>
						<line number="622" hits="3" branch="false"/>
						<line number="623" hits="3" branch="false"/>
						<line number="637" hits="3" branch="false"/>
						<line number="638" hits="3" branch="true" condition-coverage="50% (1/2)">
							<conditions>
								<condition number="0" type="jump" coverage="50%"/>
							</conditions>
						</line>
						<line number="639" hits="3" branch="false"/>
						<line number="641" hits="3" branch="false"/>
						<line number="656" hits="0" branch="false"/>
						<line number="657" hits="0" branch="false"/>
						<line number="668" hits="4" branch="true" condition-coverage="50% (1/2)">
							<conditions>
								<condition number="0" type="jump" coverage="50%"/>
							</conditions>
						</line>
						<line number="669" hits="0" branch="false"/>
						<line number="671" hits="4" branch="true" condition-coverage="100% (2/2)">
							<conditions>
								<condition number="0" type="jump" coverage="100%"/>
							</conditions>
						</line>
						<line number="672" hits="2" branch="false"/>
						<line number="673" hits="2" branch="false"/>
						<line number="675" hits="2" branch="true" condition-coverage="50% (1/2)">
							<conditions>
								<condition number="0" type="jump" coverage="50%"/>
							</conditions>
						</line>
						<line number="676" hits="2" branch="false"/>
						<line number="677" hits="2" branch="false"/>
						<line number="681" hits="0" branch="false"/>
						<line number="683" hits="4" branch="false"/>
						<line number="697" hits="0" branch="false"/>
						<line number="698" hits="0" branch="false"/>
						<line number="699" hits="0" branch="false"/>
						<line number="700" hits="0" branch="false"/>
						<line number="710" hits="0" branch="false"/>
						<line number="711" hits="0" branch="false"/>
						<line number="712" hits="0" branch="false"/>
						<line number="713" hits="0" branch="false"/>
						<line number="723" hits="9" branch="false"/>
						<line number="736" hits="3" branch="true" condition-coverage="50% (1/2)">
							<conditions>
								<condition number="0" type="jump" coverage="50%"/>
							</conditions>
						</line>
						<line number="737" hits="0" branch="false"/>
						<line number="739" hits="3" branch="false"/>
						<line number="740" hits="3" branch="false"/>
						<line number="741" hits="3" branch="false"/>
						<line number="751" hits="9" branch="false"/>
						<line number="764" hits="3" branch="false"/>
						<line number="765" hits="3" branch="false"/>
						<line number="766" hits="3" branch="false"/>
						<line number="776" hits="9" branch="false"/>
						<line number="789" hits="3" branch="false"/>
						<line number="790" hits="3" branch="false"/>
						<line number="791" hits="3" branch="false"/>
						<line number="800" hits="11" branch="false"/>
						<line number="810" hits="429" branch="false"/>
						<line number="826" hits="34" branch="false"/>
						<line number="827" hits="34" branch="false"/>
						<line number="828" hits="34" branch="false"/>
						<line number="829" hits="91" branch="true" condition-coverage="100% (2/2)">
							<conditions>
								<condition number="0" type="jump" coverage="100%"/>
							</conditions>
						</line>
						<line number="830" hits="57" branch="true" condition-coverage="50% (1/2)">
							<conditions>
								<condition number="0" type="jump" coverage="50%"/>
							</conditions>
						</line>
						<line number="831" hits="57" branch="false"/>
						<line number="832" hits="57" branch="false"/>
						<line number="835" hits="34" branch="false"/>
						<line number="836" hits="34" branch="false"/>
						<line number="838" hits="34" branch="false"/>
						<line number="839" hits="34" branch="false"/>
						<line number="860" hits="34" branch="false"/>
						<line number="861" hits="34" branch="true" condition-coverage="50% (1/2)">
							<conditions>
								<condition number="0" type="jump" coverage="50%"/>
							</conditions>
						</line>
						<line number="862" hits="34" branch="false"/>
						<line number="863" hits="34" branch="false"/>
						<line number="866" hits="0" branch="false"/>
						<line number="867" hits="0" branch="false"/>
						<line number="869" hits="34" branch="false"/>
						<line number="872" hits="34" branch="false"/>
						<line number="873" hits="34" branch="true" condition-coverage="100% (2/2)">
							<conditions>
								<condition number="0" type="jump" coverage="100%"/>
							</conditions>
						</line>
						<line number="874" hits="16" branch="false"/>
						<line number="875" hits="16" branch="false"/>
						<line number="879" hits="34" branch="true" condition-coverage="75% (3/4)">
							<conditions>
								<condition number="0" type="jump" coverage="100%"/>
								<condition number="1" type="jump" coverage="50%"/>
							</conditions>
						</line>
						<line number="880" hits="18" branch="false"/>
						<line number="881" hits="18" branch="true" condition-coverage="100% (2/2)">
							<conditions>
								<condition number="0" type="jump" coverage="100%"/>
							</conditions>
						</line>
						<line number="882" hits="9" branch="false"/>
						<line number="883" hits="9" branch="false"/>
						<line number="887" hits="34" branch="false"/>
						<line number="889" hits="34" branch="false"/>
						<line number="902" hits="371" branch="false"/>
						<line number="919" hits="378" branch="true" condition-coverage="100% (2/2)">
							<conditions>
								<condition number="0" type="jump" coverage="100%"/>
							</conditions>
						</line>
						<line number="920" hits="5" branch="false"/>
						<line number="922" hits="373" branch="true" condition-coverage="50% (1/2)">
							<conditions>
								<condition number="0" type="jump" coverage="50%"/>
							</conditions>
						</line>
						<line number="923" hits="373" branch="false"/>
						<line number="924" hits="373" branch="false"/>
						<line number="925" hits="1035" branch="true" condition-coverage="100% (2/2)">
							<conditions>
								<condition number="0" type="jump" coverage="100%"/>
							</conditions>
						</line>
						<line number="926" hits="662" branch="true" condition-coverage="50% (1/2)">
							<conditions>
								<condition number="0" type="jump" coverage="50%"/>
							</conditions>
						</line>
						<line number="927" hits="662" branch="false"/>
						<line number="930" hits="373" branch="false"/>
						<line number="934" hits="0" branch="false"/>
						<line number="955" hits="0" branch="false"/>
						<line number="972" hits="38" branch="false"/>
						<line number="974" hits="38" branch="false"/>
						<line number="989" hits="38" branch="false"/>
						<line number="991" hits="38" branch="false"/>
						<line number="1016" hits="32" branch="true" condition-coverage="50% (1/2)">
							<conditions>
								<condition number="0" type="jump" coverage="50%"/>
							</conditions>
						</line>
						<line number="1017" hits="0" branch="false"/>
						<line number="1019" hits="32" branch="true" condition-coverage="50% (1/2)">
							<conditions>
								<condition number="0" type="jump" coverage="50%"/>
							</conditions>
						</line>
						<line number="1020" hits="0" branch="false"/>
						<line number="1022" hits="32" branch="false"/>
						<line number="1023" hits="32" branch="false"/>
						<line number="1025" hits="32" branch="true" condition-coverage="50% (1/2)">
							<conditions>
								<condition number="0" type="jump" coverage="50%"/>
							</conditions>
						</line>
						<line number="1026" hits="0" branch="false"/>
						<line number="1029" hits="32" branch="true" condition-coverage="50% (1/2)">
							<conditions>
								<condition number="0" type="jump" coverage="50%"/>
							</conditions>
						</line>
						<line number="1030" hits="32" branch="false"/>
						<line number="1034" hits="32" branch="false"/>
						<line number="1035" hits="32" branch="false"/>
						<line number="1036" hits="32" branch="false"/>
						<line number="1038" hits="32" branch="false"/>
						<line number="1059" hits="134" branch="false"/>
						<line number="1060" hits="134" branch="true" condition-coverage="50% (1/2)">
							<conditions>
								<condition number="0" type="jump" coverage="50%"/>
							</conditions>
						</line>
						<line number="1061" hits="0" branch="false"/>
						<line number="1064" hits="134" branch="false"/>
						<line number="1065" hits="134" branch="false"/>
						<line number="1066" hits="134" branch="false"/>
						<line number="1067" hits="134" branch="true" condition-coverage="100% (2/2)">
							<conditions>
								<condition number="0" type="jump" coverage="100%"/>
							</conditions>
						</line>
						<line number="1068" hits="17" branch="false"/>
						<line number="1071" hits="117" branch="true" condition-coverage="50% (1/2)">
							<conditions>
								<condition number="0" type="jump" coverage="50%"/>
							</conditions>
						</line>
						<line number="1072" hits="117" branch="false"/>
						<line number="1076" hits="134" branch="false"/>
						<line number="1077" hits="134" branch="false"/>
						<line number="1078" hits="134" branch="false"/>
						<line number="1080" hits="134" branch="false"/>
						<line number="1100" hits="0" branch="false"/>
						<line number="1101" hits="0" branch="false"/>
						<line number="1102" hits="0" branch="false"/>
						<line number="1103" hits="0" branch="true" condition-coverage="0% (0/2)">
							<conditions>
								<condition number="0" type="jump" coverage="0%"/>
							</conditions>
						</line>
						<line number="1104" hits="0" branch="false"/>
						<line number="1107" hits="0" branch="false"/>
						<line number="1108" hits="0" branch="false"/>
						<line number="1111" hits="0" branch="false"/>
						<line number="1112" hits="0" branch="false"/>
						<line number="1113" hits="0" branch="true" condition-coverage="0% (0/2)">
							<conditions>
								<condition number="0" type="jump" coverage="0%"/>
							</conditions>
						</line>
						<line number="1114" hits="0" branch="false"/>
						<line number="1117" hits="0" branch="false"/>
						<line number="1118" hits="0" branch="true" condition-coverage="0% (0/2)">
							<conditions>
								<condition number="0" type="jump" coverage="0%"/>
							</conditions>
						</line>
						<line number="1119" hits="0" branch="false"/>
						<line number="1122" hits="0" branch="true" condition-coverage="0% (0/2)">
							<conditions>
								<condition number="0" type="jump" coverage="0%"/>
							</conditions>
						</line>
						<line number="1123" hits="0" branch="false"/>
						<line number="1126" hits="0" branch="false"/>
						<line number="1127" hits="0" branch="false"/>
						<line number="1128" hits="0" branch="false"/>
						<line number="1129" hits="0" branch="false"/>
						<line number="1130" hits="0" branch="false"/>
						<line number="1132" hits="0" branch="false"/>
						<line number="1135" hits="0" branch="false"/>
						<line number="1138" hits="0" branch="false"/>
						<line number="1139" hits="0" branch="true" condition-coverage="0% (0/2)">
							<conditions>
								<condition number="0" type="jump" coverage="0%"/>
							</conditions>
						</line>
						<line number="1140" hits="0" branch="false"/>
						<line number="1143" hits="0" branch="true" condition-coverage="0% (0/2)">
							<conditions>
								<condition number="0" type="jump" coverage="0%"/>
							</conditions>
						</line>
						<line number="1144" hits="0" branch="false"/>
						<line number="1147" hits="0" branch="false"/>
						<line number="1148" hits="0" branch="false"/>
						<line number="1149" hits="0" branch="false"/>
						<line number="1152" hits="0" branch="false"/>
						<line number="1153" hits="0" branch="false"/>
						<line number="1154" hits="0" branch="true" condition-coverage="0% (0/2)">
							<conditions>
								<condition number="0" type="jump" coverage="0%"/>
							</conditions>
						</line>
						<line number="1155" hits="0" branch="false"/>
						<line number="1156" hits="0" branch="false"/>
						<line number="1157" hits="0" branch="false"/>
						<line number="1158" hits="0" branch="false"/>
						<line number="1161" hits="0" branch="false"/>
						<line number="1165" hits="0" branch="false"/>
						<line number="1166" hits="0" branch="false"/>
						<line number="1186" hits="3" branch="true" condition-coverage="100% (2/2)">
							<conditions>
								<condition number="0" type="jump" coverage="100%"/>
							</conditions>
						</line>
						<line number="1187" hits="2" branch="false"/>
						<line number="1188" hits="2" branch="false"/>
						<line number="1189" hits="2" branch="false"/>
						<line number="1191" hits="2" branch="true" condition-coverage="100% (2/2)">
							<conditions>
								<condition number="0" type="jump" coverage="100%"/>
							</conditions>
						</line>
						<line number="1192" hits="1" branch="false"/>
						<line number="1195" hits="1" branch="false"/>
						<line number="1196" hits="1" branch="false"/>
						<line number="1199" hits="1" branch="false"/>
						<line number="1200" hits="1" branch="false"/>
						<line number="1202" hits="1" branch="false"/>
						<line number="1203" hits="1" branch="true" condition-coverage="50% (1/2)">
							<conditions>
								<condition number="0" type="jump" coverage="50%"/>
							</conditions>
						</line>
						<line number="1204" hits="0" branch="false"/>
						<line number="1207" hits="1" branch="true" condition-coverage="50% (1/2)">
							<conditions>
								<condition number="0" type="jump" coverage="50%"/>
							</conditions>
						</line>
						<line number="1208" hits="1" branch="false"/>
						<line number="1212" hits="1" branch="false"/>
						<line number="1213" hits="1" branch="false"/>
						<line number="1214" hits="1" branch="false"/>
						<line number="1216" hits="1" branch="false"/>
						<line number="1217" hits="1" branch="false"/>
[...]
						<line number="1323" hits="0" branch="false"/>
						<line number="1324" hits="0" branch="false"/>
						<line number="1328" hits="0" branch="false"/>
						<line number="1332" hits="0" branch="false"/>
						<line number="1334" hits="1" branch="false"/>
						<line number="1358" hits="0" branch="false"/>
						<line number="1359" hits="0" branch="true" condition-coverage="0% (0/2)">
							<conditions>
								<condition number="0" type="jump" coverage="0%"/>
							</conditions>
						</line>
						<line number="1360" hits="0" branch="false"/>
						<line number="1363" hits="0" branch="true" condition-coverage="0% (0/2)">
							<conditions>
								<condition number="0" type="jump" coverage="0%"/>
							</conditions>
						</line>
						<line number="1364" hits="0" branch="false"/>
						<line number="1367" hits="0" branch="false"/>
						<line number="1392" hits="0" branch="false"/>
						<line number="1393" hits="0" branch="true" condition-coverage="0% (0/2)">
							<conditions>
								<condition number="0" type="jump" coverage="0%"/>
							</conditions>
						</line>
						<line number="1394" hits="0" branch="false"/>
						<line number="1397" hits="0" branch="true" condition-coverage="0% (0/2)">
							<conditions>
								<condition number="0" type="jump" coverage="0%"/>
							</conditions>
						</line>
						<line number="1398" hits="0" branch="false"/>
						<line number="1401" hits="0" branch="false"/>
						<line number="1419" hits="1" branch="false"/>
						<line number="1420" hits="1" branch="true" condition-coverage="50% (1/2)">
							<conditions>
								<condition number="0" type="jump" coverage="50%"/>
							</conditions>
						</line>
						<line number="1421" hits="0" branch="false"/>
						<line number="1425" hits="1" branch="true" condition-coverage="50% (2/4)">
							<conditions>
								<condition number="0" type="jump" coverage="50%"/>
								<condition number="1" type="jump" coverage="50%"/>
							</conditions>
						</line>
						<line number="1426" hits="0" branch="false"/>
						<line number="1429" hits="1" branch="false"/>
						<line number="1430" hits="1" branch="false"/>
						<line number="1432" hits="1" branch="false"/>
						<line number="1433" hits="1" branch="false"/>
						<line number="1434" hits="1" branch="true" condition-coverage="50% (1/2)">
							<conditions>
								<condition number="0" type="jump" coverage="50%"/>
							</conditions>
						</line>
						<line number="1435" hits="0" branch="false"/>
						<line number="1438" hits="1" branch="false"/>
						<line number="1439" hits="1" branch="true" condition-coverage="50% (1/2)">
							<conditions>
								<condition number="0" type="jump" coverage="50%"/>
							</conditions>
						</line>
						<line number="1440" hits="0" branch="false"/>
						<line number="1443" hits="1" branch="false"/>
						<line number="1444" hits="1" branch="false"/>
						<line number="1445" hits="1" branch="false"/>
						<line number="1446" hits="1" branch="false"/>
						<line number="1448" hits="1" branch="false"/>
						<line number="1450" hits="1" branch="false"/>
						<line number="1451" hits="1" branch="false"/>
						<line number="1452" hits="1" branch="true" condition-coverage="50% (1/2)">
							<conditions>
								<condition number="0" type="jump" coverage="50%"/>
							</conditions>
						</line>
						<line number="1453" hits="0" branch="false"/>
						<line number="1455" hits="1" branch="false"/>
						<line number="1456" hits="1" branch="false"/>
						<line number="1457" hits="1" branch="false"/>
						<line number="1458" hits="1" branch="false"/>
						<line number="1459" hits="1" branch="false"/>
						<line number="1471" hits="507" branch="true" condition-coverage="50% (1/2)">
							<conditions>
								<condition number="0" type="jump" coverage="50%"/>
							</conditions>
						</line>
						<line number="1472" hits="0" branch="false"/>
						<line number="1474" hits="507" branch="true" condition-coverage="50% (1/2)">
							<conditions>
								<condition number="0" type="jump" coverage="50%"/>
							</conditions>
						</line>
						<line number="1475" hits="0" branch="false"/>
						<line number="1477" hits="507" branch="false"/>
						<line number="1479" hits="507" branch="true" condition-coverage="100% (2/2)">
							<conditions>
								<condition number="0" type="jump" coverage="100%"/>
							</conditions>
						</line>
						<line number="1481" hits="1" branch="false"/>
						<line number="1483" hits="506" branch="true" condition-coverage="100% (2/2)">
							<conditions>
								<condition number="0" type="jump" coverage="100%"/>
							</conditions>
						</line>
						<line number="1485" hits="1" branch="false"/>
						<line number="1487" hits="505" branch="true" condition-coverage="100% (2/2)">
							<conditions>
								<condition number="0" type="jump" coverage="100%"/>
							</conditions>
						</line>
						<line number="1489" hits="1" branch="false"/>
						<line number="1491" hits="504" branch="true" condition-coverage="100% (2/2)">
							<conditions>
								<condition number="0" type="jump" coverage="100%"/>
							</conditions>
						</line>
						<line number="1493" hits="1" branch="false"/>
						<line number="1495" hits="503" branch="true" condition-coverage="100% (2/2)">
							<conditions>
								<condition number="0" type="jump" coverage="100%"/>
							</conditions>
						</line>
						<line number="1497" hits="1" branch="false"/>
						<line number="1499" hits="502" branch="true" condition-coverage="100% (2/2)">
							<conditions>
								<condition number="0" type="jump" coverage="100%"/>
							</conditions>
						</line>
						<line number="1501" hits="1" branch="false"/>
						<line number="1503" hits="501" branch="true" condition-coverage="100% (2/2)">
							<conditions>
								<condition number="0" type="jump" coverage="100%"/>
							</conditions>
						</line>
						<line number="1505" hits="1" branch="false"/>
						<line number="1507" hits="500" branch="true" condition-coverage="100% (2/2)">
							<conditions>
								<condition number="0" type="jump" coverage="100%"/>
							</conditions>
						</line>
						<line number="1509" hits="1" branch="false"/>
						<line number="1511" hits="499" branch="true" condition-coverage="100% (2/2)">
							<conditions>
								<condition number="0" type="jump" coverage="100%"/>
							</conditions>
						</line>
						<line number="1513" hits="1" branch="false"/>
						<line number="1515" hits="498" branch="true" condition-coverage="100% (2/2)">
							<conditions>
								<condition number="0" type="jump" coverage="100%"/>
							</conditions>
						</line>
						<line number="1517" hits="1" branch="false"/>
						<line number="1519" hits="497" branch="true" condition-coverage="100% (2/2)">
							<conditions>
								<condition number="0" type="jump" coverage="100%"/>
							</conditions>
						</line>
						<line number="1521" hits="1" branch="false"/>
						<line number="1523" hits="496" branch="false"/>
						<line number="1532" hits="104" branch="false"/>
						<line number="1533" hits="104" branch="false"/>
						<line number="1542" hits="104" branch="false"/>
						<line number="1543" hits="104" branch="false"/>
						<line number="1544" hits="104" branch="true" condition-coverage="50% (1/2)">
							<conditions>
								<condition number="0" type="jump" coverage="50%"/>
							</conditions>
						</line>
						<line number="1545" hits="104" branch="false"/>
						<line number="1547" hits="104" branch="false"/>
						<line number="1573" hits="107" branch="true" condition-coverage="50% (1/2)">
							<conditions>
								<condition number="0" type="jump" coverage="50%"/>
							</conditions>
						</line>
						<line number="1574" hits="0" branch="false"/>
						<line number="1577" hits="107" branch="true" condition-coverage="50% (1/2)">
							<conditions>
								<condition number="0" type="jump" coverage="50%"/>
							</conditions>
						</line>
						<line number="1578" hits="107" branch="true" condition-coverage="50% (1/2)">
							<conditions>
								<condition number="0" type="jump" coverage="50%"/>
							</conditions>
						</line>
						<line number="1580" hits="107" branch="false"/>
						<line number="1584" hits="0" branch="false"/>
						<line number="1588" hits="107" branch="false"/>
						<line number="1610" hits="0" branch="false"/>
						<line number="1612" hits="0" branch="true" condition-coverage="0% (0/2)">
							<conditions>
								<condition number="0" type="jump" coverage="0%"/>
							</conditions>
						</line>
						<line number="1613" hits="0" branch="false"/>
						<line number="1614" hits="0" branch="false"/>
						<line number="1615" hits="0" branch="false"/>
						<line number="1616" hits="0" branch="false"/>
						<line number="1617" hits="0" branch="false"/>
						<line number="1618" hits="0" branch="false"/>
						<line number="1619" hits="0" branch="true" condition-coverage="0% (0/2)">
							<conditions>
								<condition number="0" type="jump" coverage="0%"/>
							</conditions>
						</line>
						<line number="1620" hits="0" branch="false"/>
						<line number="1623" hits="0" branch="false"/>
						<line number="1625" hits="0" branch="false"/>
						<line number="1627" hits="0" branch="false"/>
						<line number="1633" hits="0" branch="false"/>
						<line number="1651" hits="80" branch="false"/>
						<line number="1652" hits="80" branch="true" condition-coverage="100% (2/2)">
							<conditions>
								<condition number="0" type="jump" coverage="100%"/>
							</conditions>
						</line>
						<line number="1653" hits="40" branch="false"/>
						<line number="1655" hits="40" branch="true" condition-coverage="50% (1/2)">
							<conditions>
								<condition number="0" type="jump" coverage="50%"/>
							</conditions>
						</line>
						<line number="1656" hits="40" branch="false"/>
						<line number="1660" hits="0" branch="false"/>
						<line number="1662" hits="80" branch="true" condition-coverage="50% (1/2)">
							<conditions>
								<condition number="0" type="jump" coverage="50%"/>
							</conditions>
						</line>
						<line number="1663" hits="0" branch="false"/>
						<line number="1664" hits="0" branch="false"/>
						<line number="1666" hits="0" branch="false"/>
						<line number="1668" hits="80" branch="false"/>
						<line number="1682" hits="37" branch="false"/>
						<line number="1686" hits="37" branch="true" condition-coverage="50% (1/2)">
							<conditions>
								<condition number="0" type="jump" coverage="50%"/>
							</conditions>
						</line>
						<line number="1687" hits="37" branch="false"/>
						<line number="1691" hits="37" branch="true" condition-coverage="100% (2/2)">
							<conditions>
								<condition number="0" type="jump" coverage="100%"/>
							</conditions>
						</line>
						<line number="1692" hits="5" branch="true" condition-coverage="50% (1/2)">
							<conditions>
								<condition number="0" type="jump" coverage="50%"/>
							</conditions>
						</line>
						<line number="1693" hits="5" branch="false"/>
						<line number="1695" hits="5" branch="false"/>
						<line number="1697" hits="5" branch="false"/>
						<line number="1699" hits="0" branch="false"/>
						<line number="1704" hits="37" branch="true" condition-coverage="50% (1/2)">
							<conditions>
								<condition number="0" type="jump" coverage="50%"/>
							</conditions>
						</line>
						<line number="1705" hits="37" branch="false"/>
						<line number="1709" hits="37" branch="true" condition-coverage="100% (2/2)">
							<conditions>
								<condition number="0" type="jump" coverage="100%"/>
							</conditions>
						</line>
						<line number="1710" hits="4" branch="true" condition-coverage="50% (1/2)">
							<conditions>
								<condition number="0" type="jump" coverage="50%"/>
							</conditions>
						</line>
						<line number="1711" hits="4" branch="false"/>
						<line number="1713" hits="4" branch="false"/>
						<line number="1715" hits="4" branch="false"/>
						<line number="1717" hits="0" branch="false"/>
						<line number="1722" hits="37" branch="true" condition-coverage="50% (1/2)">
							<conditions>
								<condition number="0" type="jump" coverage="50%"/>
							</conditions>
						</line>
						<line number="1723" hits="37" branch="false"/>
						<line number="1726" hits="37" branch="true" condition-coverage="50% (1/2)">
							<conditions>
								<condition number="0" type="jump" coverage="50%"/>
							</conditions>
						</line>
						<line number="1727" hits="0" branch="true" condition-coverage="0% (0/2)">
							<conditions>
								<condition number="0" type="jump" coverage="0%"/>
							</conditions>
						</line>
						<line number="1728" hits="0" branch="false"/>
						<line number="1729" hits="0" branch="false"/>
						<line number="1730" hits="0" branch="false"/>
						<line number="1732" hits="0" branch="false"/>
						<line number="1737" hits="37" branch="true" condition-coverage="50% (1/2)">
							<conditions>
								<condition number="0" type="jump" coverage="50%"/>
							</conditions>
						</line>
						<line number="1738" hits="37" branch="false"/>
						<line number="1741" hits="37" branch="true" condition-coverage="100% (2/2)">
							<conditions>
								<condition number="0" type="jump" coverage="100%"/>
							</conditions>
						</line>
						<line number="1742" hits="1" branch="false"/>
						<line number="1745" hits="37" branch="true" condition-coverage="100% (2/2)">
							<conditions>
								<condition number="0" type="jump" coverage="100%"/>
							</conditions>
						</line>
						<line number="1746" hits="1" branch="false"/>
						<line number="1749" hits="37" branch="false"/>
						<line number="1762" hits="26" branch="false"/>
						<line number="1763" hits="26" branch="false"/>
						<line number="1775" hits="0" branch="false"/>
						<line number="1776" hits="0" branch="true" condition-coverage="0% (0/2)">
							<conditions>
								<condition number="0" type="jump" coverage="0%"/>
							</conditions>
						</line>
						<line number="1777" hits="0" branch="false"/>
						<line number="1779" hits="0" branch="false"/>
						<line number="1791" hits="43" branch="false"/>
						<line number="1792" hits="43" branch="true" condition-coverage="100% (2/2)">
							<conditions>
								<condition number="0" type="jump" coverage="100%"/>
							</conditions>
						</line>
						<line number="1793" hits="2" branch="false"/>
						<line number="1795" hits="41" branch="false"/>
						<line number="1796" hits="41" branch="false"/>
						<line number="1797" hits="41" branch="true" condition-coverage="50% (1/2)">
							<conditions>
								<condition number="0" type="jump" coverage="50%"/>
							</conditions>
						</line>
						<line number="1798" hits="41" branch="false"/>
						<line number="1800" hits="0" branch="false"/>
						<line number="1801" hits="0" branch="true" condition-coverage="0% (0/2)">
							<conditions>
								<condition number="0" type="jump" coverage="0%"/>
							</conditions>
						</line>
						<line number="1802" hits="0" branch="true" condition-coverage="0% (0/2)">
							<conditions>
								<condition number="0" type="jump" coverage="0%"/>
							</conditions>
						</line>
						<line number="1803" hits="0" branch="true" condition-coverage="0% (0/2)">
							<conditions>
								<condition number="0" type="jump" coverage="0%"/>
							</conditions>
						</line>
						<line number="1804" hits="0" branch="false"/>
						<line number="1805" hits="0" branch="true" condition-coverage="0% (0/2)">
							<conditions>
								<condition number="0" type="jump" coverage="0%"/>
							</conditions>
						</line>
						<line number="1806" hits="0" branch="false"/>
						<line number="1812" hits="0" branch="true" condition-coverage="0% (0/2)">
							<conditions>
								<condition number="0" type="jump" coverage="0%"/>
							</conditions>
						</line>
						<line number="1813" hits="0" branch="true" condition-coverage="0% (0/2)">
							<conditions>
								<condition number="0" type="jump" coverage="0%"/>
							</conditions>
						</line>
						<line number="1814" hits="0" branch="false"/>
						<line number="1815" hits="0" branch="true" condition-coverage="0% (0/2)">
							<conditions>
								<condition number="0" type="jump" coverage="0%"/>
							</conditions>
						</line>
						<line number="1816" hits="0" branch="false"/>
						<line number="1821" hits="0" branch="false"/>
						<line number="1839" hits="3" branch="true" condition-coverage="50% (1/2)">
							<conditions>
								<condition number="0" type="jump" coverage="50%"/>
							</conditions>
						</line>
						<line number="1840" hits="0" branch="false"/>
						<line number="1842" hits="3" branch="false"/>
						<line number="1843" hits="3" branch="false"/>
						<line number="1865" hits="3" branch="true" condition-coverage="50% (1/2)">
							<conditions>
								<condition number="0" type="jump" coverage="50%"/>
							</conditions>
						</line>
						<line number="1866" hits="0" branch="false"/>
						<line number="1868" hits="3" branch="false"/>
						<line number="1869" hits="3" branch="true" condition-coverage="50% (1/2)">
							<conditions>
								<condition number="0" type="jump" coverage="50%"/>
							</conditions>
						</line>
						<line number="1870" hits="0" branch="false"/>
						<line number="1871" hits="0" branch="false"/>
						<line number="1872" hits="0" branch="true" condition-coverage="0% (0/2)">
							<conditions>
								<condition number="0" type="jump" coverage="0%"/>
							</conditions>
						</line>
						<line number="1873" hits="0" branch="false"/>
						<line number="1876" hits="0" branch="false"/>
						<line number="1879" hits="3" branch="false"/>
						<line number="1880" hits="3" branch="false"/>
						<line number="1882" hits="3" branch="true" condition-coverage="50% (1/2)">
							<conditions>
								<condition number="0" type="jump" coverage="50%"/>
							</conditions>
						</line>
						<line number="1883" hits="0" branch="false"/>
						<line number="1885" hits="3" branch="false"/>
						<line number="1886" hits="3" branch="false"/>
						<line number="1887" hits="3" branch="true" condition-coverage="50% (1/2)">
							<conditions>
								<condition number="0" type="jump" coverage="50%"/>
							</conditions>
						</line>
						<line number="1888" hits="0" branch="false"/>
						<line number="1890" hits="3" branch="false"/>
						<line number="1892" hits="3" branch="false"/>
						<line number="1893" hits="3" branch="false"/>
						<line number="1916" hits="0" branch="false"/>
						<line number="1941" hits="0" branch="true" condition-coverage="0% (0/2)">
							<conditions>
								<condition number="0" type="jump" coverage="0%"/>
							</conditions>
						</line>
						<line number="1942" hits="0" branch="false"/>
						<line number="1944" hits="0" branch="false"/>
						<line number="1945" hits="0" branch="false"/>
						<line number="1946" hits="0" branch="true" condition-coverage="0% (0/2)">
							<conditions>
								<condition number="0" type="jump" coverage="0%"/>
							</conditions>
						</line>
						<line number="1947" hits="0" branch="false"/>
						<line number="1949" hits="0" branch="false"/>
						<line number="1952" hits="0" branch="false"/>
						<line number="1954" hits="0" branch="false"/>
						<line number="1955" hits="0" branch="false"/>
						<line number="1983" hits="0" branch="false"/>
						<line number="1986" hits="0" branch="true" condition-coverage="0% (0/2)">
							<conditions>
								<condition number="0" type="jump" coverage="0%"/>
							</conditions>
						</line>
						<line number="1987" hits="0" branch="false"/>
						<line number="1991" hits="0" branch="false"/>
					</lines>
				</class>
			</classes>
		</package>
	</packages>
</coverage>
