<?xml version="1.0"?>
<!DOCTYPE coverage SYSTEM "http://cobertura.sourceforge.net/xml/coverage-04.dtd">

<coverage line-rate="0.8568019093078759" branch-rate="0.7692307692307693" lines-covered="359" lines-valid="419" branches-covered="180" branches-valid="234" complexity="4.2" version="2.0.3" timestamp="1493264833706">
	<sources>
		<source>src/main/java</source>
	</sources>
	<packages>
		<package name="org.apache.commons.math3.util" line-rate="0.8568019093078759" branch-rate="0.7692307692307693" complexity="4.2">
			<classes>
				<class name="org.apache.commons.math3.util.MathArrays" filename="org/apache/commons/math3/util/MathArrays.java" line-rate="0.8540145985401459" branch-rate="0.7692307692307693" complexity="4.2">
					<methods>
						<method name="&lt;init&gt;" signature="()V" line-rate="0.0" branch-rate="1.0">
							<lines>
								<line number="52" hits="0" branch="false"/>
							</lines>
						</method>
						<method name="buildArray" signature="(Lorg/apache/commons/math3/Field;I)[Ljava/lang/Object;" line-rate="1.0" branch-rate="1.0">
							<lines>
								<line number="1335" hits="70401" branch="false"/>
								<line number="1336" hits="70401" branch="false"/>
								<line number="1337" hits="70401" branch="false"/>
							</lines>
						</method>
						<method name="buildArray" signature="(Lorg/apache/commons/math3/Field;II)[[Ljava/lang/Object;" line-rate="1.0" branch-rate="1.0">
							<lines>
								<line number="1355" hits="682" branch="true" condition-coverage="100% (2/2)">
									<conditions>
										<condition number="0" type="jump" coverage="100%"/>
									</conditions>
								</line>
								<line number="1356" hits="181" branch="false"/>
								<line number="1357" hits="181" branch="false"/>
								<line number="1358" hits="181" branch="false"/>
								<line number="1359" hits="501" branch="false"/>
								<line number="1363" hits="3561" branch="true" condition-coverage="100% (2/2)">
									<conditions>
										<condition number="0" type="jump" coverage="100%"/>
									</conditions>
								</line>
								<line number="1364" hits="3060" branch="false"/>
								<line number="1367" hits="682" branch="false"/>
							</lines>
						</method>
						<method name="checkNonNegative" signature="([J)V" line-rate="1.0" branch-rate="1.0">
							<lines>
								<line number="497" hits="700" branch="true" condition-coverage="100% (2/2)">
									<conditions>
										<condition number="0" type="jump" coverage="100%"/>
									</conditions>
								</line>
								<line number="498" hits="555" branch="true" condition-coverage="100% (2/2)">
									<conditions>
										<condition number="0" type="jump" coverage="100%"/>
									</conditions>
								</line>
								<line number="499" hits="7" branch="false"/>
								<line number="502" hits="144" branch="false"/>
							</lines>
						</method>
						<method name="checkNonNegative" signature="([[J)V" line-rate="1.0" branch-rate="1.0">
							<lines>
								<line number="513" hits="128" branch="true" condition-coverage="100% (2/2)">
									<conditions>
										<condition number="0" type="jump" coverage="100%"/>
									</conditions>
								</line>
								<line number="514" hits="341" branch="true" condition-coverage="100% (2/2)">
									<conditions>
										<condition number="0" type="jump" coverage="100%"/>
									</conditions>
								</line>
								<line number="515" hits="249" branch="true" condition-coverage="100% (2/2)">
									<conditions>
										<condition number="0" type="jump" coverage="100%"/>
									</conditions>
								</line>
								<line number="516" hits="3" branch="false"/>
								<line number="520" hits="32" branch="false"/>
							</lines>
						</method>
						<method name="checkOrder" signature="([D)V" line-rate="1.0" branch-rate="1.0">
							<lines>
								<line number="448" hits="992" branch="false"/>
								<line number="449" hits="973" branch="false"/>
							</lines>
						</method>
						<method name="checkOrder" signature="([DLorg/apache/commons/math3/util/MathArrays$OrderDirection;Z)V" line-rate="1.0" branch-rate="1.0">
							<lines>
								<line number="437" hits="1001" branch="false"/>
								<line number="438" hits="977" branch="false"/>
							</lines>
						</method>
						<method name="checkOrder" signature="([DLorg/apache/commons/math3/util/MathArrays$OrderDirection;ZZ)Z" line-rate="0.9523809523809523" branch-rate="1.0">
							<lines>
								<line number="376" hits="9107192" branch="false"/>
								<line number="377" hits="9107192" branch="false"/>
								<line number="381" hits="45538568" branch="true" condition-coverage="100% (2/2)">
									<conditions>
										<condition number="0" type="jump" coverage="100%"/>
									</conditions>
								</line>
								<line number="382" hits="36431409" branch="true" condition-coverage="100% (2/2)">
									<conditions>
										<condition number="0" type="switch" coverage="100%"/>
									</conditions>
								</line>
								<line number="384" hits="36431382" branch="true" condition-coverage="100% (2/2)">
									<conditions>
										<condition number="0" type="jump" coverage="100%"/>
									</conditions>
								</line>
								<line number="385" hits="36431368" branch="true" condition-coverage="100% (2/2)">
									<conditions>
										<condition number="0" type="jump" coverage="100%"/>
									</conditions>
								</line>
								<line number="386" hits="26" branch="false"/>
								<line number="389" hits="14" branch="true" condition-coverage="100% (2/2)">
									<conditions>
										<condition number="0" type="jump" coverage="100%"/>
									</conditions>
								</line>
								<line number="390" hits="2" branch="false"/>
								<line number="395" hits="27" branch="true" condition-coverage="100% (2/2)">
									<conditions>
										<condition number="0" type="jump" coverage="100%"/>
									</conditions>
								</line>
								<line number="396" hits="9" branch="true" condition-coverage="100% (2/2)">
									<conditions>
										<condition number="0" type="jump" coverage="100%"/>
									</conditions>
								</line>
								<line number="397" hits="2" branch="false"/>
								<line number="400" hits="18" branch="true" condition-coverage="100% (2/2)">
									<conditions>
										<condition number="0" type="jump" coverage="100%"/>
									</conditions>
								</line>
								<line number="401" hits="3" branch="false"/>
								<line number="407" hits="0" branch="false"/>
								<line number="410" hits="36431376" branch="false"/>
								<line number="413" hits="9107192" branch="true" condition-coverage="100% (2/2)">
									<conditions>
										<condition number="0" type="jump" coverage="100%"/>
									</conditions>
								</line>
								<line number="415" hits="9107159" branch="false"/>
								<line number="419" hits="33" branch="true" condition-coverage="100% (2/2)">
									<conditions>
										<condition number="0" type="jump" coverage="100%"/>
									</conditions>
								</line>
								<line number="420" hits="26" branch="false"/>
								<line number="422" hits="7" branch="false"/>
							</lines>
						</method>
						<method name="checkPositive" signature="([D)V" line-rate="1.0" branch-rate="1.0">
							<lines>
								<line number="481" hits="356" branch="true" condition-coverage="100% (2/2)">
									<conditions>
										<condition number="0" type="jump" coverage="100%"/>
									</conditions>
								</line>
								<line number="482" hits="298" branch="true" condition-coverage="100% (2/2)">
									<conditions>
										<condition number="0" type="jump" coverage="100%"/>
									</conditions>
								</line>
								<line number="483" hits="4" branch="false"/>
								<line number="486" hits="57" branch="false"/>
							</lines>
						</method>
						<method name="checkRectangular" signature="([[J)V" line-rate="1.0" branch-rate="1.0">
							<lines>
								<line number="461" hits="38" branch="false"/>
								<line number="462" hits="104" branch="true" condition-coverage="100% (2/2)">
									<conditions>
										<condition number="0" type="jump" coverage="100%"/>
									</conditions>
								</line>
								<line number="463" hits="70" branch="true" condition-coverage="100% (2/2)">
									<conditions>
										<condition number="0" type="jump" coverage="100%"/>
									</conditions>
								</line>
								<line number="464" hits="3" branch="false"/>
								<line number="469" hits="34" branch="false"/>
							</lines>
						</method>
						<method name="convolve" signature="([D[D)[D" line-rate="1.0" branch-rate="1.0">
							<lines>
								<line number="1395" hits="7" branch="false"/>
								<line number="1396" hits="6" branch="false"/>
								<line number="1398" hits="5" branch="false"/>
								<line number="1399" hits="5" branch="false"/>
								<line number="1401" hits="5" branch="true" condition-coverage="100% (4/4)">
									<conditions>
										<condition number="0" type="jump" coverage="100%"/>
										<condition number="1" type="jump" coverage="100%"/>
									</conditions>
								</line>
								<line number="1402" hits="3" branch="false"/>
								<line number="1406" hits="2" branch="false"/>
								<line number="1407" hits="2" branch="false"/>
								<line number="1410" hits="13" branch="true" condition-coverage="100% (2/2)">
									<conditions>
										<condition number="0" type="jump" coverage="100%"/>
									</conditions>
								</line>
								<line number="1411" hits="11" branch="false"/>
								<line number="1412" hits="11" branch="false"/>
								<line number="1413" hits="11" branch="false"/>
								<line number="1414" hits="32" branch="true" condition-coverage="100% (4/4)">
									<conditions>
										<condition number="0" type="jump" coverage="100%"/>
										<condition number="1" type="jump" coverage="100%"/>
									</conditions>
								</line>
								<line number="1415" hits="21" branch="false"/>
								<line number="1417" hits="11" branch="false"/>
								<line number="1420" hits="2" branch="false"/>
							</lines>
						</method>
						<method name="copyOf" signature="([D)[D" line-rate="1.0" branch-rate="1.0">
							<lines>
								<line number="764" hits="14725" branch="false"/>
							</lines>
						</method>
						<method name="copyOf" signature="([DI)[D" line-rate="1.0" branch-rate="1.0">
							<lines>
								<line number="792" hits="15982" branch="false"/>
								<line number="793" hits="15982" branch="false"/>
								<line number="794" hits="15982" branch="false"/>
							</lines>
						</method>
						<method name="copyOf" signature="([I)[I" line-rate="1.0" branch-rate="1.0">
							<lines>
								<line number="754" hits="10" branch="false"/>
							</lines>
						</method>
						<method name="copyOf" signature="([II)[I" line-rate="1.0" branch-rate="1.0">
							<lines>
								<line number="777" hits="140596" branch="false"/>
								<line number="778" hits="140596" branch="false"/>
								<line number="779" hits="140596" branch="false"/>
							</lines>
						</method>
						<method name="distance" signature="([D[D)D" line-rate="1.0" branch-rate="1.0">
							<lines>
								<line number="235" hits="123935" branch="false"/>
								<line number="236" hits="505159" branch="true" condition-coverage="100% (2/2)">
									<conditions>
										<condition number="0" type="jump" coverage="100%"/>
									</conditions>
								</line>
								<line number="237" hits="381224" branch="false"/>
								<line number="238" hits="381224" branch="false"/>
								<line number="240" hits="123935" branch="false"/>
							</lines>
						</method>
						<method name="distance" signature="([I[I)D" line-rate="1.0" branch-rate="1.0">
							<lines>
								<line number="251" hits="777220" branch="false"/>
								<line number="252" hits="3794045" branch="true" condition-coverage="100% (2/2)">
									<conditions>
										<condition number="0" type="jump" coverage="100%"/>
									</conditions>
								</line>
								<line number="253" hits="3016825" branch="false"/>
								<line number="254" hits="3016825" branch="false"/>
								<line number="256" hits="777220" branch="false"/>
							</lines>
						</method>
						<method name="distance1" signature="([D[D)D" line-rate="1.0" branch-rate="1.0">
							<lines>
								<line number="205" hits="4" branch="false"/>
								<line number="206" hits="21" branch="true" condition-coverage="100% (2/2)">
									<conditions>
										<condition number="0" type="jump" coverage="100%"/>
									</conditions>
								</line>
								<line number="207" hits="17" branch="false"/>
								<line number="209" hits="4" branch="false"/>
							</lines>
						</method>
						<method name="distance1" signature="([I[I)I" line-rate="1.0" branch-rate="1.0">
							<lines>
								<line number="220" hits="1" branch="false"/>
								<line number="221" hits="3" branch="true" condition-coverage="100% (2/2)">
									<conditions>
										<condition number="0" type="jump" coverage="100%"/>
									</conditions>
								</line>
								<line number="222" hits="2" branch="false"/>
								<line number="224" hits="1" branch="false"/>
							</lines>
						</method>
						<method name="distanceInf" signature="([D[D)D" line-rate="1.0" branch-rate="1.0">
							<lines>
								<line number="267" hits="4" branch="false"/>
								<line number="268" hits="21" branch="true" condition-coverage="100% (2/2)">
									<conditions>
										<condition number="0" type="jump" coverage="100%"/>
									</conditions>
								</line>
								<line number="269" hits="17" branch="false"/>
								<line number="271" hits="4" branch="false"/>
							</lines>
						</method>
						<method name="distanceInf" signature="([I[I)I" line-rate="1.0" branch-rate="1.0">
							<lines>
								<line number="282" hits="1" branch="false"/>
								<line number="283" hits="3" branch="true" condition-coverage="100% (2/2)">
									<conditions>
										<condition number="0" type="jump" coverage="100%"/>
									</conditions>
								</line>
								<line number="284" hits="2" branch="false"/>
								<line number="286" hits="1" branch="false"/>
							</lines>
						</method>
						<method name="ebeAdd" signature="([D[D)[D" line-rate="1.0" branch-rate="1.0">
							<lines>
								<line number="120" hits="2" branch="true" condition-coverage="100% (2/2)">
									<conditions>
										<condition number="0" type="jump" coverage="100%"/>
									</conditions>
								</line>
								<line number="121" hits="1" branch="false"/>
								<line number="124" hits="1" branch="false"/>
								<line number="125" hits="4" branch="true" condition-coverage="100% (2/2)">
									<conditions>
										<condition number="0" type="jump" coverage="100%"/>
									</conditions>
								</line>
								<line number="126" hits="3" branch="false"/>
								<line number="128" hits="1" branch="false"/>
							</lines>
						</method>
						<method name="ebeDivide" signature="([D[D)[D" line-rate="1.0" branch-rate="1.0">
							<lines>
								<line number="186" hits="794" branch="true" condition-coverage="100% (2/2)">
									<conditions>
										<condition number="0" type="jump" coverage="100%"/>
									</conditions>
								</line>
								<line number="187" hits="1" branch="false"/>
								<line number="190" hits="793" branch="false"/>
								<line number="191" hits="10290" branch="true" condition-coverage="100% (2/2)">
									<conditions>
										<condition number="0" type="jump" coverage="100%"/>
									</conditions>
								</line>
								<line number="192" hits="9497" branch="false"/>
								<line number="194" hits="793" branch="false"/>
							</lines>
						</method>
						<method name="ebeMultiply" signature="([D[D)[D" line-rate="1.0" branch-rate="1.0">
							<lines>
								<line number="164" hits="2" branch="true" condition-coverage="100% (2/2)">
									<conditions>
										<condition number="0" type="jump" coverage="100%"/>
									</conditions>
								</line>
								<line number="165" hits="1" branch="false"/>
								<line number="168" hits="1" branch="false"/>
								<line number="169" hits="4" branch="true" condition-coverage="100% (2/2)">
									<conditions>
										<condition number="0" type="jump" coverage="100%"/>
									</conditions>
								</line>
								<line number="170" hits="3" branch="false"/>
								<line number="172" hits="1" branch="false"/>
							</lines>
						</method>
						<method name="ebeSubtract" signature="([D[D)[D" line-rate="1.0" branch-rate="1.0">
							<lines>
								<line number="142" hits="3602" branch="true" condition-coverage="100% (2/2)">
									<conditions>
										<condition number="0" type="jump" coverage="100%"/>
									</conditions>
								</line>
								<line number="143" hits="1" branch="false"/>
								<line number="146" hits="3601" branch="false"/>
								<line number="147" hits="10804" branch="true" condition-coverage="100% (2/2)">
									<conditions>
										<condition number="0" type="jump" coverage="100%"/>
									</conditions>
								</line>
								<line number="148" hits="7203" branch="false"/>
								<line number="150" hits="3601" branch="false"/>
							</lines>
						</method>
						<method name="equals" signature="([D[D)Z" line-rate="1.0" branch-rate="1.0">
							<lines>
								<line number="1229" hits="23" branch="true" condition-coverage="100% (4/4)">
									<conditions>
										<condition number="0" type="jump" coverage="100%"/>
										<condition number="1" type="jump" coverage="100%"/>
									</conditions>
								</line>
								<line number="1230" hits="3" branch="true" condition-coverage="100% (6/6)">
									<conditions>
										<condition number="0" type="jump" coverage="100%"/>
										<condition number="1" type="jump" coverage="100%"/>
										<condition number="2" type="jump" coverage="100%"/>
									</conditions>
								</line>
								<line number="1232" hits="20" branch="true" condition-coverage="100% (2/2)">
									<conditions>
										<condition number="0" type="jump" coverage="100%"/>
									</conditions>
								</line>
								<line number="1233" hits="1" branch="false"/>
								<line number="1235" hits="65" branch="true" condition-coverage="100% (2/2)">
									<conditions>
										<condition number="0" type="jump" coverage="100%"/>
									</conditions>
								</line>
								<line number="1236" hits="54" branch="true" condition-coverage="100% (2/2)">
									<conditions>
										<condition number="0" type="jump" coverage="100%"/>
									</conditions>
								</line>
								<line number="1237" hits="8" branch="false"/>
								<line number="1240" hits="11" branch="false"/>
							</lines>
						</method>
						<method name="equals" signature="([F[F)Z" line-rate="0.0" branch-rate="0.0">
							<lines>
								<line number="1178" hits="0" branch="true" condition-coverage="0% (0/4)">
									<conditions>
										<condition number="0" type="jump" coverage="0%"/>
										<condition number="1" type="jump" coverage="0%"/>
									</conditions>
								</line>
								<line number="1179" hits="0" branch="true" condition-coverage="0% (0/6)">
									<conditions>
										<condition number="0" type="jump" coverage="0%"/>
										<condition number="1" type="jump" coverage="0%"/>
										<condition number="2" type="jump" coverage="0%"/>
									</conditions>
								</line>
								<line number="1181" hits="0" branch="true" condition-coverage="0% (0/2)">
									<conditions>
										<condition number="0" type="jump" coverage="0%"/>
									</conditions>
								</line>
								<line number="1182" hits="0" branch="false"/>
								<line number="1184" hits="0" branch="true" condition-coverage="0% (0/2)">
									<conditions>
										<condition number="0" type="jump" coverage="0%"/>
									</conditions>
								</line>
								<line number="1185" hits="0" branch="true" condition-coverage="0% (0/2)">
									<conditions>
										<condition number="0" type="jump" coverage="0%"/>
									</conditions>
								</line>
								<line number="1186" hits="0" branch="false"/>
								<line number="1189" hits="0" branch="false"/>
							</lines>
						</method>
						<method name="equalsIncludingNaN" signature="([D[D)Z" line-rate="1.0" branch-rate="1.0">
							<lines>
								<line number="1255" hits="152" branch="true" condition-coverage="100% (4/4)">
									<conditions>
										<condition number="0" type="jump" coverage="100%"/>
										<condition number="1" type="jump" coverage="100%"/>
									</conditions>
								</line>
								<line number="1256" hits="3" branch="true" condition-coverage="100% (6/6)">
									<conditions>
										<condition number="0" type="jump" coverage="100%"/>
										<condition number="1" type="jump" coverage="100%"/>
										<condition number="2" type="jump" coverage="100%"/>
									</conditions>
								</line>
								<line number="1258" hits="149" branch="true" condition-coverage="100% (2/2)">
									<conditions>
										<condition number="0" type="jump" coverage="100%"/>
									</conditions>
								</line>
								<line number="1259" hits="1" branch="false"/>
								<line number="1261" hits="434" branch="true" condition-coverage="100% (2/2)">
									<conditions>
										<condition number="0" type="jump" coverage="100%"/>
									</conditions>
								</line>
								<line number="1262" hits="292" branch="true" condition-coverage="100% (2/2)">
									<conditions>
										<condition number="0" type="jump" coverage="100%"/>
									</conditions>
								</line>
								<line number="1263" hits="6" branch="false"/>
								<line number="1266" hits="142" branch="false"/>
							</lines>
						</method>
						<method name="equalsIncludingNaN" signature="([F[F)Z" line-rate="0.0" branch-rate="0.0">
							<lines>
								<line number="1204" hits="0" branch="true" condition-coverage="0% (0/4)">
									<conditions>
										<condition number="0" type="jump" coverage="0%"/>
										<condition number="1" type="jump" coverage="0%"/>
									</conditions>
								</line>
								<line number="1205" hits="0" branch="true" condition-coverage="0% (0/6)">
									<conditions>
										<condition number="0" type="jump" coverage="0%"/>
										<condition number="1" type="jump" coverage="0%"/>
										<condition number="2" type="jump" coverage="0%"/>
									</conditions>
								</line>
								<line number="1207" hits="0" branch="true" condition-coverage="0% (0/2)">
									<conditions>
										<condition number="0" type="jump" coverage="0%"/>
									</conditions>
								</line>
								<line number="1208" hits="0" branch="false"/>
								<line number="1210" hits="0" branch="true" condition-coverage="0% (0/2)">
									<conditions>
										<condition number="0" type="jump" coverage="0%"/>
									</conditions>
								</line>
								<line number="1211" hits="0" branch="true" condition-coverage="0% (0/2)">
									<conditions>
										<condition number="0" type="jump" coverage="0%"/>
									</conditions>
								</line>
								<line number="1212" hits="0" branch="false"/>
								<line number="1215" hits="0" branch="false"/>
							</lines>
						</method>
						<method name="isMonotonic" signature="([DLorg/apache/commons/math3/util/MathArrays$OrderDirection;Z)Z" line-rate="1.0" branch-rate="1.0">
							<lines>
								<line number="359" hits="8" branch="false"/>
							</lines>
						</method>
						<method name="isMonotonic" signature="([Ljava/lang/Comparable;Lorg/apache/commons/math3/util/MathArrays$OrderDirection;Z)Z" line-rate="0.9473684210526315" branch-rate="1.0">
							<lines>
								<line number="311" hits="8" branch="false"/>
								<line number="312" hits="8" branch="false"/>
								<line number="313" hits="31" branch="true" condition-coverage="100% (2/2)">
									<conditions>
										<condition number="0" type="jump" coverage="100%"/>
									</conditions>
								</line>
								<line number="315" hits="27" branch="true" condition-coverage="100% (2/2)">
									<conditions>
										<condition number="0" type="switch" coverage="100%"/>
									</conditions>
								</line>
								<line number="317" hits="15" branch="false"/>
								<line number="318" hits="15" branch="true" condition-coverage="100% (2/2)">
									<conditions>
										<condition number="0" type="jump" coverage="100%"/>
									</conditions>
								</line>
								<line number="319" hits="8" branch="true" condition-coverage="100% (2/2)">
									<conditions>
										<condition number="0" type="jump" coverage="100%"/>
									</conditions>
								</line>
								<line number="320" hits="1" branch="false"/>
								<line number="323" hits="7" branch="true" condition-coverage="100% (2/2)">
									<conditions>
										<condition number="0" type="jump" coverage="100%"/>
									</conditions>
								</line>
								<line number="324" hits="1" branch="false"/>
								<line number="329" hits="12" branch="false"/>
								<line number="330" hits="12" branch="true" condition-coverage="100% (2/2)">
									<conditions>
										<condition number="0" type="jump" coverage="100%"/>
									</conditions>
								</line>
								<line number="331" hits="5" branch="true" condition-coverage="100% (2/2)">
									<conditions>
										<condition number="0" type="jump" coverage="100%"/>
									</conditions>
								</line>
								<line number="332" hits="1" branch="false"/>
								<line number="335" hits="7" branch="true" condition-coverage="100% (2/2)">
									<conditions>
										<condition number="0" type="jump" coverage="100%"/>
									</conditions>
								</line>
								<line number="336" hits="1" branch="false"/>
								<line number="342" hits="0" branch="false"/>
								<line number="345" hits="23" branch="false"/>
								<line number="347" hits="4" branch="false"/>
							</lines>
						</method>
						<method name="linearCombination" signature="(DDDD)D" line-rate="1.0" branch-rate="1.0">
							<lines>
								<line number="910" hits="272582" branch="false"/>
								<line number="911" hits="272582" branch="false"/>
								<line number="912" hits="272582" branch="false"/>
								<line number="913" hits="272582" branch="false"/>
								<line number="914" hits="272582" branch="false"/>
								<line number="915" hits="272582" branch="false"/>
								<line number="918" hits="272582" branch="false"/>
								<line number="919" hits="272582" branch="false"/>
								<line number="922" hits="272582" branch="false"/>
								<line number="923" hits="272582" branch="false"/>
								<line number="924" hits="272582" branch="false"/>
								<line number="925" hits="272582" branch="false"/>
								<line number="926" hits="272582" branch="false"/>
								<line number="927" hits="272582" branch="false"/>
								<line number="930" hits="272582" branch="false"/>
								<line number="931" hits="272582" branch="false"/>
								<line number="934" hits="272582" branch="false"/>
								<line number="935" hits="272582" branch="false"/>
								<line number="936" hits="272582" branch="false"/>
								<line number="940" hits="272582" branch="false"/>
								<line number="942" hits="272582" branch="true" condition-coverage="100% (2/2)">
									<conditions>
										<condition number="0" type="jump" coverage="100%"/>
									</conditions>
								</line>
								<line number="945" hits="17" branch="false"/>
								<line number="948" hits="272582" branch="false"/>
							</lines>
						</method>
						<method name="linearCombination" signature="(DDDDDD)D" line-rate="1.0" branch-rate="1.0">
							<lines>
								<line number="990" hits="157138" branch="false"/>
								<line number="991" hits="157138" branch="false"/>
								<line number="992" hits="157138" branch="false"/>
								<line number="993" hits="157138" branch="false"/>
								<line number="994" hits="157138" branch="false"/>
								<line number="995" hits="157138" branch="false"/>
								<line number="998" hits="157138" branch="false"/>
								<line number="999" hits="157138" branch="false"/>
								<line number="1002" hits="157138" branch="false"/>
								<line number="1003" hits="157138" branch="false"/>
								<line number="1004" hits="157138" branch="false"/>
								<line number="1005" hits="157138" branch="false"/>
								<line number="1006" hits="157138" branch="false"/>
								<line number="1007" hits="157138" branch="false"/>
								<line number="1010" hits="157138" branch="false"/>
								<line number="1011" hits="157138" branch="false"/>
								<line number="1014" hits="157138" branch="false"/>
								<line number="1015" hits="157138" branch="false"/>
								<line number="1016" hits="157138" branch="false"/>
								<line number="1017" hits="157138" branch="false"/>
								<line number="1018" hits="157138" branch="false"/>
								<line number="1019" hits="157138" branch="false"/>
								<line number="1022" hits="157138" branch="false"/>
								<line number="1023" hits="157138" branch="false"/>
								<line number="1026" hits="157138" branch="false"/>
								<line number="1027" hits="157138" branch="false"/>
								<line number="1028" hits="157138" branch="false"/>
								<line number="1031" hits="157138" branch="false"/>
								<line number="1032" hits="157138" branch="false"/>
								<line number="1033" hits="157138" branch="false"/>
								<line number="1037" hits="157138" branch="false"/>
								<line number="1039" hits="157138" branch="true" condition-coverage="100% (2/2)">
									<conditions>
										<condition number="0" type="jump" coverage="100%"/>
									</conditions>
								</line>
								<line number="1042" hits="7" branch="false"/>
								<line number="1045" hits="157138" branch="false"/>
							</lines>
						</method>
						<method name="linearCombination" signature="(DDDDDDDD)D" line-rate="1.0" branch-rate="1.0">
							<lines>
								<line number="1092" hits="95056" branch="false"/>
								<line number="1093" hits="95056" branch="false"/>
								<line number="1094" hits="95056" branch="false"/>
								<line number="1095" hits="95056" branch="false"/>
								<line number="1096" hits="95056" branch="false"/>
								<line number="1097" hits="95056" branch="false"/>
								<line number="1100" hits="95056" branch="false"/>
								<line number="1101" hits="95056" branch="false"/>
								<line number="1104" hits="95056" branch="false"/>
								<line number="1105" hits="95056" branch="false"/>
								<line number="1106" hits="95056" branch="false"/>
								<line number="1107" hits="95056" branch="false"/>
								<line number="1108" hits="95056" branch="false"/>
								<line number="1109" hits="95056" branch="false"/>
								<line number="1112" hits="95056" branch="false"/>
								<line number="1113" hits="95056" branch="false"/>
								<line number="1116" hits="95056" branch="false"/>
								<line number="1117" hits="95056" branch="false"/>
								<line number="1118" hits="95056" branch="false"/>
								<line number="1119" hits="95056" branch="false"/>
								<line number="1120" hits="95056" branch="false"/>
								<line number="1121" hits="95056" branch="false"/>
								<line number="1124" hits="95056" branch="false"/>
								<line number="1125" hits="95056" branch="false"/>
								<line number="1128" hits="95056" branch="false"/>
								<line number="1129" hits="95056" branch="false"/>
								<line number="1130" hits="95056" branch="false"/>
								<line number="1131" hits="95056" branch="false"/>
								<line number="1132" hits="95056" branch="false"/>
								<line number="1133" hits="95056" branch="false"/>
								<line number="1136" hits="95056" branch="false"/>
								<line number="1137" hits="95056" branch="false"/>
								<line number="1140" hits="95056" branch="false"/>
								<line number="1141" hits="95056" branch="false"/>
								<line number="1142" hits="95056" branch="false"/>
								<line number="1145" hits="95056" branch="false"/>
								<line number="1146" hits="95056" branch="false"/>
								<line number="1147" hits="95056" branch="false"/>
								<line number="1150" hits="95056" branch="false"/>
								<line number="1151" hits="95056" branch="false"/>
								<line number="1152" hits="95056" branch="false"/>
								<line number="1156" hits="95056" branch="false"/>
								<line number="1158" hits="95056" branch="true" condition-coverage="100% (2/2)">
									<conditions>
										<condition number="0" type="jump" coverage="100%"/>
									</conditions>
								</line>
								<line number="1161" hits="7" branch="false"/>
								<line number="1164" hits="95056" branch="false"/>
							</lines>
						</method>
						<method name="linearCombination" signature="([D[D)D" line-rate="0.9714285714285714" branch-rate="0.9">
							<lines>
								<line number="816" hits="10512" branch="false"/>
								<line number="817" hits="10512" branch="true" condition-coverage="50% (1/2)">
									<conditions>
										<condition number="0" type="jump" coverage="50%"/>
									</conditions>
								</line>
								<line number="818" hits="0" branch="false"/>
								<line number="823" hits="10512" branch="false"/>
								<line number="824" hits="10512" branch="false"/>
								<line number="826" hits="45554" branch="true" condition-coverage="100% (2/2)">
									<conditions>
										<condition number="0" type="jump" coverage="100%"/>
									</conditions>
								</line>
								<line number="827" hits="35042" branch="false"/>
								<line number="828" hits="35042" branch="false"/>
								<line number="829" hits="35042" branch="false"/>
								<line number="830" hits="35042" branch="false"/>
								<line number="832" hits="35042" branch="false"/>
								<line number="833" hits="35042" branch="false"/>
								<line number="834" hits="35042" branch="false"/>
								<line number="835" hits="35042" branch="false"/>
								<line number="836" hits="35042" branch="false"/>
								<line number="837" hits="35042" branch="false"/>
								<line number="841" hits="35042" branch="false"/>
								<line number="845" hits="10512" branch="false"/>
								<line number="846" hits="10512" branch="false"/>
								<line number="847" hits="10511" branch="false"/>
								<line number="848" hits="10511" branch="false"/>
								<line number="849" hits="10511" branch="false"/>
								<line number="851" hits="10511" branch="false"/>
								<line number="852" hits="24530" branch="true" condition-coverage="100% (2/2)">
									<conditions>
										<condition number="0" type="jump" coverage="100%"/>
									</conditions>
								</line>
								<line number="853" hits="14019" branch="false"/>
								<line number="854" hits="14019" branch="false"/>
								<line number="855" hits="14019" branch="false"/>
								<line number="856" hits="14019" branch="false"/>
								<line number="857" hits="14019" branch="false"/>
								<line number="860" hits="10511" branch="false"/>
								<line number="862" hits="10511" branch="true" condition-coverage="100% (2/2)">
									<conditions>
										<condition number="0" type="jump" coverage="100%"/>
									</conditions>
								</line>
								<line number="865" hits="7" branch="false"/>
								<line number="866" hits="35" branch="true" condition-coverage="100% (2/2)">
									<conditions>
										<condition number="0" type="jump" coverage="100%"/>
									</conditions>
								</line>
								<line number="867" hits="28" branch="false"/>
								<line number="871" hits="10511" branch="false"/>
							</lines>
						</method>
						<method name="normalizeArray" signature="([DD)[D" line-rate="1.0" branch-rate="1.0">
							<lines>
								<line number="1293" hits="43" branch="true" condition-coverage="100% (2/2)">
									<conditions>
										<condition number="0" type="jump" coverage="100%"/>
									</conditions>
								</line>
								<line number="1294" hits="1" branch="false"/>
								<line number="1296" hits="42" branch="true" condition-coverage="100% (2/2)">
									<conditions>
										<condition number="0" type="jump" coverage="100%"/>
									</conditions>
								</line>
								<line number="1297" hits="1" branch="false"/>
								<line number="1299" hits="41" branch="false"/>
								<line number="1300" hits="41" branch="false"/>
								<line number="1301" hits="41" branch="false"/>
								<line number="1302" hits="247" branch="true" condition-coverage="100% (2/2)">
									<conditions>
										<condition number="0" type="jump" coverage="100%"/>
									</conditions>
								</line>
								<line number="1303" hits="207" branch="true" condition-coverage="100% (2/2)">
									<conditions>
										<condition number="0" type="jump" coverage="100%"/>
									</conditions>
								</line>
								<line number="1304" hits="1" branch="false"/>
								<line number="1306" hits="206" branch="true" condition-coverage="100% (2/2)">
									<conditions>
										<condition number="0" type="jump" coverage="100%"/>
									</conditions>
								</line>
								<line number="1307" hits="204" branch="false"/>
								<line number="1310" hits="40" branch="true" condition-coverage="100% (2/2)">
									<conditions>
										<condition number="0" type="jump" coverage="100%"/>
									</conditions>
								</line>
								<line number="1311" hits="3" branch="false"/>
								<line number="1313" hits="234" branch="true" condition-coverage="100% (2/2)">
									<conditions>
										<condition number="0" type="jump" coverage="100%"/>
									</conditions>
								</line>
								<line number="1314" hits="197" branch="true" condition-coverage="100% (2/2)">
									<conditions>
										<condition number="0" type="jump" coverage="100%"/>
									</conditions>
								</line>
								<line number="1315" hits="2" branch="false"/>
								<line number="1317" hits="195" branch="false"/>
								<line number="1320" hits="37" branch="false"/>
							</lines>
						</method>
						<method name="safeNorm" signature="([D)D" line-rate="0.0" branch-rate="0.0">
							<lines>
								<line number="583" hits="0" branch="false"/>
								<line number="584" hits="0" branch="false"/>
								<line number="585" hits="0" branch="false"/>
								<line number="586" hits="0" branch="false"/>
								<line number="587" hits="0" branch="false"/>
								<line number="588" hits="0" branch="false"/>
								<line number="589" hits="0" branch="false"/>
								<line number="590" hits="0" branch="false"/>
								<line number="591" hits="0" branch="false"/>
								<line number="592" hits="0" branch="true" condition-coverage="0% (0/2)">
									<conditions>
										<condition number="0" type="jump" coverage="0%"/>
									</conditions>
								</line>
								<line number="593" hits="0" branch="false"/>
								<line number="594" hits="0" branch="true" condition-coverage="0% (0/4)">
									<conditions>
										<condition number="0" type="jump" coverage="0%"/>
										<condition number="1" type="jump" coverage="0%"/>
									</conditions>
								</line>
								<line number="595" hits="0" branch="true" condition-coverage="0% (0/2)">
									<conditions>
										<condition number="0" type="jump" coverage="0%"/>
									</conditions>
								</line>
								<line number="596" hits="0" branch="true" condition-coverage="0% (0/2)">
									<conditions>
										<condition number="0" type="jump" coverage="0%"/>
									</conditions>
								</line>
								<line number="597" hits="0" branch="false"/>
								<line number="598" hits="0" branch="false"/>
								<line number="599" hits="0" branch="false"/>
								<line number="600" hits="0" branch="false"/>
								<line number="601" hits="0" branch="false"/>
								<line number="602" hits="0" branch="false"/>
								<line number="603" hits="0" branch="false"/>
								<line number="605" hits="0" branch="true" condition-coverage="0% (0/2)">
									<conditions>
										<condition number="0" type="jump" coverage="0%"/>
									</conditions>
								</line>
								<line number="606" hits="0" branch="false"/>
								<line number="607" hits="0" branch="false"/>
								<line number="608" hits="0" branch="false"/>
								<line number="609" hits="0" branch="false"/>
								<line number="610" hits="0" branch="true" condition-coverage="0% (0/2)">
									<conditions>
										<condition number="0" type="jump" coverage="0%"/>
									</conditions>
								</line>
								<line number="611" hits="0" branch="false"/>
								<line number="612" hits="0" branch="false"/>
								<line number="613" hits="0" branch="false"/>
								<line number="617" hits="0" branch="false"/>
								<line number="621" hits="0" branch="true" condition-coverage="0% (0/2)">
									<conditions>
										<condition number="0" type="jump" coverage="0%"/>
									</conditions>
								</line>
								<line number="622" hits="0" branch="false"/>
								<line number="624" hits="0" branch="true" condition-coverage="0% (0/2)">
									<conditions>
										<condition number="0" type="jump" coverage="0%"/>
									</conditions>
								</line>
								<line number="625" hits="0" branch="false"/>
								<line number="627" hits="0" branch="true" condition-coverage="0% (0/2)">
									<conditions>
										<condition number="0" type="jump" coverage="0%"/>
									</conditions>
								</line>
								<line number="628" hits="0" branch="false"/>
								<line number="630" hits="0" branch="false"/>
								<line number="634" hits="0" branch="false"/>
							</lines>
						</method>
						<method name="scale" signature="(D[D)[D" line-rate="1.0" branch-rate="1.0">
							<lines>
								<line number="86" hits="1" branch="false"/>
								<line number="87" hits="6" branch="true" condition-coverage="100% (2/2)">
									<conditions>
										<condition number="0" type="jump" coverage="100%"/>
									</conditions>
								</line>
								<line number="88" hits="5" branch="false"/>
								<line number="90" hits="1" branch="false"/>
							</lines>
						</method>
						<method name="scaleInPlace" signature="(D[D)V" line-rate="1.0" branch-rate="1.0">
							<lines>
								<line number="103" hits="150" branch="true" condition-coverage="100% (2/2)">
									<conditions>
										<condition number="0" type="jump" coverage="100%"/>
									</conditions>
								</line>
								<line number="104" hits="82" branch="false"/>
								<line number="106" hits="68" branch="false"/>
							</lines>
						</method>
						<method name="sortInPlace" signature="([DLorg/apache/commons/math3/util/MathArrays$OrderDirection;[[D)V" line-rate="0.9615384615384616" branch-rate="0.9444444444444444">
							<lines>
								<line number="682" hits="12" branch="true" condition-coverage="50% (1/2)">
									<conditions>
										<condition number="0" type="jump" coverage="50%"/>
									</conditions>
								</line>
								<line number="683" hits="0" branch="false"/>
								<line number="686" hits="12" branch="false"/>
								<line number="687" hits="12" branch="false"/>
								<line number="689" hits="25" branch="true" condition-coverage="100% (2/2)">
									<conditions>
										<condition number="0" type="jump" coverage="100%"/>
									</conditions>
								</line>
								<line number="690" hits="16" branch="false"/>
								<line number="691" hits="16" branch="true" condition-coverage="100% (2/2)">
									<conditions>
										<condition number="0" type="jump" coverage="100%"/>
									</conditions>
								</line>
								<line number="692" hits="2" branch="false"/>
								<line number="694" hits="14" branch="true" condition-coverage="100% (2/2)">
									<conditions>
										<condition number="0" type="jump" coverage="100%"/>
									</conditions>
								</line>
								<line number="695" hits="1" branch="false"/>
								<line number="700" hits="9" branch="false"/>
								<line number="702" hits="131" branch="true" condition-coverage="100% (2/2)">
									<conditions>
										<condition number="0" type="jump" coverage="100%"/>
									</conditions>
								</line>
								<line number="703" hits="122" branch="false"/>
								<line number="707" hits="9" branch="true" condition-coverage="100% (2/2)">
									<conditions>
										<condition number="0" type="jump" coverage="100%"/>
									</conditions>
								</line>
								<line number="722" hits="9" branch="false"/>
								<line number="727" hits="9" branch="false"/>
								<line number="728" hits="131" branch="true" condition-coverage="100% (2/2)">
									<conditions>
										<condition number="0" type="jump" coverage="100%"/>
									</conditions>
								</line>
								<line number="729" hits="122" branch="false"/>
								<line number="730" hits="122" branch="false"/>
								<line number="731" hits="122" branch="false"/>
								<line number="736" hits="21" branch="true" condition-coverage="100% (2/2)">
									<conditions>
										<condition number="0" type="jump" coverage="100%"/>
									</conditions>
								</line>
								<line number="738" hits="12" branch="false"/>
								<line number="739" hits="12" branch="false"/>
								<line number="741" hits="147" branch="true" condition-coverage="100% (2/2)">
									<conditions>
										<condition number="0" type="jump" coverage="100%"/>
									</conditions>
								</line>
								<line number="742" hits="135" branch="false"/>
								<line number="745" hits="9" branch="false"/>
							</lines>
						</method>
						<method name="sortInPlace" signature="([D[[D)V" line-rate="1.0" branch-rate="1.0">
							<lines>
								<line number="655" hits="11" branch="false"/>
								<line number="656" hits="8" branch="false"/>
							</lines>
						</method>
					</methods>
					<lines>
						<line number="52" hits="0" branch="false"/>
						<line number="86" hits="1" branch="false"/>
						<line number="87" hits="6" branch="true" condition-coverage="100% (2/2)">
							<conditions>
								<condition number="0" type="jump" coverage="100%"/>
							</conditions>
						</line>
						<line number="88" hits="5" branch="false"/>
						<line number="90" hits="1" branch="false"/>
						<line number="103" hits="150" branch="true" condition-coverage="100% (2/2)">
							<conditions>
								<condition number="0" type="jump" coverage="100%"/>
							</conditions>
						</line>
						<line number="104" hits="82" branch="false"/>
						<line number="106" hits="68" branch="false"/>
						<line number="120" hits="2" branch="true" condition-coverage="100% (2/2)">
							<conditions>
								<condition number="0" type="jump" coverage="100%"/>
							</conditions>
						</line>
						<line number="121" hits="1" branch="false"/>
						<line number="124" hits="1" branch="false"/>
						<line number="125" hits="4" branch="true" condition-coverage="100% (2/2)">
							<conditions>
								<condition number="0" type="jump" coverage="100%"/>
							</conditions>
						</line>
						<line number="126" hits="3" branch="false"/>
						<line number="128" hits="1" branch="false"/>
						<line number="142" hits="3602" branch="true" condition-coverage="100% (2/2)">
							<conditions>
								<condition number="0" type="jump" coverage="100%"/>
							</conditions>
						</line>
						<line number="143" hits="1" branch="false"/>
						<line number="146" hits="3601" branch="false"/>
						<line number="147" hits="10804" branch="true" condition-coverage="100% (2/2)">
							<conditions>
								<condition number="0" type="jump" coverage="100%"/>
							</conditions>
						</line>
						<line number="148" hits="7203" branch="false"/>
						<line number="150" hits="3601" branch="false"/>
						<line number="164" hits="2" branch="true" condition-coverage="100% (2/2)">
							<conditions>
								<condition number="0" type="jump" coverage="100%"/>
							</conditions>
						</line>
						<line number="165" hits="1" branch="false"/>
						<line number="168" hits="1" branch="false"/>
						<line number="169" hits="4" branch="true" condition-coverage="100% (2/2)">
							<conditions>
								<condition number="0" type="jump" coverage="100%"/>
							</conditions>
						</line>
						<line number="170" hits="3" branch="false"/>
						<line number="172" hits="1" branch="false"/>
						<line number="186" hits="794" branch="true" condition-coverage="100% (2/2)">
							<conditions>
								<condition number="0" type="jump" coverage="100%"/>
							</conditions>
						</line>
						<line number="187" hits="1" branch="false"/>
						<line number="190" hits="793" branch="false"/>
						<line number="191" hits="10290" branch="true" condition-coverage="100% (2/2)">
							<conditions>
								<condition number="0" type="jump" coverage="100%"/>
							</conditions>
						</line>
						<line number="192" hits="9497" branch="false"/>
						<line number="194" hits="793" branch="false"/>
						<line number="205" hits="4" branch="false"/>
						<line number="206" hits="21" branch="true" condition-coverage="100% (2/2)">
							<conditions>
								<condition number="0" type="jump" coverage="100%"/>
							</conditions>
						</line>
						<line number="207" hits="17" branch="false"/>
						<line number="209" hits="4" branch="false"/>
						<line number="220" hits="1" branch="false"/>
						<line number="221" hits="3" branch="true" condition-coverage="100% (2/2)">
							<conditions>
								<condition number="0" type="jump" coverage="100%"/>
							</conditions>
						</line>
						<line number="222" hits="2" branch="false"/>
						<line number="224" hits="1" branch="false"/>
						<line number="235" hits="123935" branch="false"/>
						<line number="236" hits="505159" branch="true" condition-coverage="100% (2/2)">
							<conditions>
								<condition number="0" type="jump" coverage="100%"/>
							</conditions>
						</line>
						<line number="237" hits="381224" branch="false"/>
						<line number="238" hits="381224" branch="false"/>
						<line number="240" hits="123935" branch="false"/>
						<line number="251" hits="777220" branch="false"/>
						<line number="252" hits="3794045" branch="true" condition-coverage="100% (2/2)">
							<conditions>
								<condition number="0" type="jump" coverage="100%"/>
							</conditions>
						</line>
						<line number="253" hits="3016825" branch="false"/>
						<line number="254" hits="3016825" branch="false"/>
						<line number="256" hits="777220" branch="false"/>
						<line number="267" hits="4" branch="false"/>
						<line number="268" hits="21" branch="true" condition-coverage="100% (2/2)">
							<conditions>
								<condition number="0" type="jump" coverage="100%"/>
							</conditions>
						</line>
						<line number="269" hits="17" branch="false"/>
						<line number="271" hits="4" branch="false"/>
						<line number="282" hits="1" branch="false"/>
						<line number="283" hits="3" branch="true" condition-coverage="100% (2/2)">
							<conditions>
								<condition number="0" type="jump" coverage="100%"/>
							</conditions>
						</line>
						<line number="284" hits="2" branch="false"/>
						<line number="286" hits="1" branch="false"/>
						<line number="311" hits="8" branch="false"/>
						<line number="312" hits="8" branch="false"/>
						<line number="313" hits="31" branch="true" condition-coverage="100% (2/2)">
							<conditions>
								<condition number="0" type="jump" coverage="100%"/>
							</conditions>
						</line>
						<line number="315" hits="27" branch="true" condition-coverage="100% (2/2)">
							<conditions>
								<condition number="0" type="switch" coverage="100%"/>
							</conditions>
						</line>
						<line number="317" hits="15" branch="false"/>
						<line number="318" hits="15" branch="true" condition-coverage="100% (2/2)">
							<conditions>
								<condition number="0" type="jump" coverage="100%"/>
							</conditions>
						</line>
						<line number="319" hits="8" branch="true" condition-coverage="100% (2/2)">
							<conditions>
								<condition number="0" type="jump" coverage="100%"/>
							</conditions>
						</line>
						<line number="320" hits="1" branch="false"/>
						<line number="323" hits="7" branch="true" condition-coverage="100% (2/2)">
							<conditions>
								<condition number="0" type="jump" coverage="100%"/>
							</conditions>
						</line>
						<line number="324" hits="1" branch="false"/>
						<line number="329" hits="12" branch="false"/>
						<line number="330" hits="12" branch="true" condition-coverage="100% (2/2)">
							<conditions>
								<condition number="0" type="jump" coverage="100%"/>
							</conditions>
						</line>
						<line number="331" hits="5" branch="true" condition-coverage="100% (2/2)">
							<conditions>
								<condition number="0" type="jump" coverage="100%"/>
							</conditions>
						</line>
						<line number="332" hits="1" branch="false"/>
						<line number="335" hits="7" branch="true" condition-coverage="100% (2/2)">
							<conditions>
								<condition number="0" type="jump" coverage="100%"/>
							</conditions>
						</line>
						<line number="336" hits="1" branch="false"/>
						<line number="342" hits="0" branch="false"/>
						<line number="345" hits="23" branch="false"/>
						<line number="347" hits="4" branch="false"/>
						<line number="359" hits="8" branch="false"/>
						<line number="376" hits="9107192" branch="false"/>
						<line number="377" hits="9107192" branch="false"/>
						<line number="381" hits="45538568" branch="true" condition-coverage="100% (2/2)">
							<conditions>
								<condition number="0" type="jump" coverage="100%"/>
							</conditions>
						</line>
						<line number="382" hits="36431409" branch="true" condition-coverage="100% (2/2)">
							<conditions>
								<condition number="0" type="switch" coverage="100%"/>
							</conditions>
						</line>
						<line number="384" hits="36431382" branch="true" condition-coverage="100% (2/2)">
							<conditions>
								<condition number="0" type="jump" coverage="100%"/>
							</conditions>
						</line>
						<line number="385" hits="36431368" branch="true" condition-coverage="100% (2/2)">
							<conditions>
								<condition number="0" type="jump" coverage="100%"/>
							</conditions>
						</line>
						<line number="386" hits="26" branch="false"/>
						<line number="389" hits="14" branch="true" condition-coverage="100% (2/2)">
							<conditions>
								<condition number="0" type="jump" coverage="100%"/>
							</conditions>
						</line>
						<line number="390" hits="2" branch="false"/>
						<line number="395" hits="27" branch="true" condition-coverage="100% (2/2)">
							<conditions>
								<condition number="0" type="jump" coverage="100%"/>
							</conditions>
						</line>
						<line number="396" hits="9" branch="true" condition-coverage="100% (2/2)">
							<conditions>
								<condition number="0" type="jump" coverage="100%"/>
							</conditions>
						</line>
						<line number="397" hits="2" branch="false"/>
						<line number="400" hits="18" branch="true" condition-coverage="100% (2/2)">
							<conditions>
								<condition number="0" type="jump" coverage="100%"/>
							</conditions>
						</line>
						<line number="401" hits="3" branch="false"/>
						<line number="407" hits="0" branch="false"/>
						<line number="410" hits="36431376" branch="false"/>
						<line number="413" hits="9107192" branch="true" condition-coverage="100% (2/2)">
							<conditions>
								<condition number="0" type="jump" coverage="100%"/>
							</conditions>
						</line>
						<line number="415" hits="9107159" branch="false"/>
						<line number="419" hits="33" branch="true" condition-coverage="100% (2/2)">
							<conditions>
								<condition number="0" type="jump" coverage="100%"/>
							</conditions>
						</line>
						<line number="420" hits="26" branch="false"/>
						<line number="422" hits="7" branch="false"/>
						<line number="437" hits="1001" branch="false"/>
						<line number="438" hits="977" branch="false"/>
						<line number="448" hits="992" branch="false"/>
						<line number="449" hits="973" branch="false"/>
						<line number="461" hits="38" branch="false"/>
						<line number="462" hits="104" branch="true" condition-coverage="100% (2/2)">
							<conditions>
								<condition number="0" type="jump" coverage="100%"/>
							</conditions>
						</line>
						<line number="463" hits="70" branch="true" condition-coverage="100% (2/2)">
							<conditions>
								<condition number="0" type="jump" coverage="100%"/>
							</conditions>
						</line>
						<line number="464" hits="3" branch="false"/>
						<line number="469" hits="34" branch="false"/>
						<line number="481" hits="356" branch="true" condition-coverage="100% (2/2)">
							<conditions>
								<condition number="0" type="jump" coverage="100%"/>
							</conditions>
						</line>
						<line number="482" hits="298" branch="true" condition-coverage="100% (2/2)">
							<conditions>
								<condition number="0" type="jump" coverage="100%"/>
							</conditions>
						</line>
						<line number="483" hits="4" branch="false"/>
						<line number="486" hits="57" branch="false"/>
						<line number="497" hits="700" branch="true" condition-coverage="100% (2/2)">
							<conditions>
								<condition number="0" type="jump" coverage="100%"/>
							</conditions>
						</line>
						<line number="498" hits="555" branch="true" condition-coverage="100% (2/2)">
							<conditions>
								<condition number="0" type="jump" coverage="100%"/>
							</conditions>
						</line>
						<line number="499" hits="7" branch="false"/>
						<line number="502" hits="144" branch="false"/>
						<line number="513" hits="128" branch="true" condition-coverage="100% (2/2)">
							<conditions>
								<condition number="0" type="jump" coverage="100%"/>
							</conditions>
						</line>
						<line number="514" hits="341" branch="true" condition-coverage="100% (2/2)">
							<conditions>
								<condition number="0" type="jump" coverage="100%"/>
							</conditions>
						</line>
						<line number="515" hits="249" branch="true" condition-coverage="100% (2/2)">
							<conditions>
								<condition number="0" type="jump" coverage="100%"/>
							</conditions>
						</line>
						<line number="516" hits="3" branch="false"/>
						<line number="520" hits="32" branch="false"/>
						<line number="583" hits="0" branch="false"/>
						<line number="584" hits="0" branch="false"/>
						<line number="585" hits="0" branch="false"/>
						<line number="586" hits="0" branch="false"/>
						<line number="587" hits="0" branch="false"/>
						<line number="588" hits="0" branch="false"/>
						<line number="589" hits="0" branch="false"/>
						<line number="590" hits="0" branch="false"/>
						<line number="591" hits="0" branch="false"/>
						<line number="592" hits="0" branch="true" condition-coverage="0% (0/2)">
							<conditions>
								<condition number="0" type="jump" coverage="0%"/>
							</conditions>
						</line>
						<line number="593" hits="0" branch="false"/>
						<line number="594" hits="0" branch="true" condition-coverage="0% (0/4)">
							<conditions>
								<condition number="0" type="jump" coverage="0%"/>
								<condition number="1" type="jump" coverage="0%"/>
							</conditions>
						</line>
						<line number="595" hits="0" branch="true" condition-coverage="0% (0/2)">
							<conditions>
								<condition number="0" type="jump" coverage="0%"/>
							</conditions>
						</line>
						<line number="596" hits="0" branch="true" condition-coverage="0% (0/2)">
							<conditions>
								<condition number="0" type="jump" coverage="0%"/>
							</conditions>
						</line>
						<line number="597" hits="0" branch="false"/>
						<line number="598" hits="0" branch="false"/>
						<line number="599" hits="0" branch="false"/>
						<line number="600" hits="0" branch="false"/>
						<line number="601" hits="0" branch="false"/>
						<line number="602" hits="0" branch="false"/>
						<line number="603" hits="0" branch="false"/>
						<line number="605" hits="0" branch="true" condition-coverage="0% (0/2)">
							<conditions>
								<condition number="0" type="jump" coverage="0%"/>
							</conditions>
						</line>
						<line number="606" hits="0" branch="false"/>
						<line number="607" hits="0" branch="false"/>
						<line number="608" hits="0" branch="false"/>
						<line number="609" hits="0" branch="false"/>
						<line number="610" hits="0" branch="true" condition-coverage="0% (0/2)">
							<conditions>
								<condition number="0" type="jump" coverage="0%"/>
							</conditions>
						</line>
						<line number="611" hits="0" branch="false"/>
						<line number="612" hits="0" branch="false"/>
						<line number="613" hits="0" branch="false"/>
						<line number="617" hits="0" branch="false"/>
						<line number="621" hits="0" branch="true" condition-coverage="0% (0/2)">
							<conditions>
								<condition number="0" type="jump" coverage="0%"/>
							</conditions>
						</line>
						<line number="622" hits="0" branch="false"/>
						<line number="624" hits="0" branch="true" condition-coverage="0% (0/2)">
							<conditions>
								<condition number="0" type="jump" coverage="0%"/>
							</conditions>
						</line>
						<line number="625" hits="0" branch="false"/>
						<line number="627" hits="0" branch="true" condition-coverage="0% (0/2)">
							<conditions>
								<condition number="0" type="jump" coverage="0%"/>
							</conditions>
						</line>
						<line number="628" hits="0" branch="false"/>
						<line number="630" hits="0" branch="false"/>
						<line number="634" hits="0" branch="false"/>
						<line number="655" hits="11" branch="false"/>
						<line number="656" hits="8" branch="false"/>
						<line number="682" hits="12" branch="true" condition-coverage="50% (1/2)">
							<conditions>
								<condition number="0" type="jump" coverage="50%"/>
							</conditions>
						</line>
						<line number="683" hits="0" branch="false"/>
						<line number="686" hits="12" branch="false"/>
						<line number="687" hits="12" branch="false"/>
						<line number="689" hits="25" branch="true" condition-coverage="100% (2/2)">
							<conditions>
								<condition number="0" type="jump" coverage="100%"/>
							</conditions>
						</line>
						<line number="690" hits="16" branch="false"/>
						<line number="691" hits="16" branch="true" condition-coverage="100% (2/2)">
							<conditions>
								<condition number="0" type="jump" coverage="100%"/>
							</conditions>
						</line>
						<line number="692" hits="2" branch="false"/>
						<line number="694" hits="14" branch="true" condition-coverage="100% (2/2)">
							<conditions>
								<condition number="0" type="jump" coverage="100%"/>
							</conditions>
						</line>
						<line number="695" hits="1" branch="false"/>
						<line number="700" hits="9" branch="false"/>
						<line number="702" hits="131" branch="true" condition-coverage="100% (2/2)">
							<conditions>
								<condition number="0" type="jump" coverage="100%"/>
							</conditions>
						</line>
						<line number="703" hits="122" branch="false"/>
						<line number="707" hits="9" branch="true" condition-coverage="100% (2/2)">
							<conditions>
								<condition number="0" type="jump" coverage="100%"/>
							</conditions>
						</line>
						<line number="722" hits="9" branch="false"/>
						<line number="727" hits="9" branch="false"/>
						<line number="728" hits="131" branch="true" condition-coverage="100% (2/2)">
							<conditions>
								<condition number="0" type="jump" coverage="100%"/>
							</conditions>
						</line>
						<line number="729" hits="122" branch="false"/>
						<line number="730" hits="122" branch="false"/>
						<line number="731" hits="122" branch="false"/>
						<line number="736" hits="21" branch="true" condition-coverage="100% (2/2)">
							<conditions>
								<condition number="0" type="jump" coverage="100%"/>
							</conditions>
						</line>
						<line number="738" hits="12" branch="false"/>
						<line number="739" hits="12" branch="false"/>
						<line number="741" hits="147" branch="true" condition-coverage="100% (2/2)">
							<conditions>
								<condition number="0" type="jump" coverage="100%"/>
							</conditions>
						</line>
						<line number="742" hits="135" branch="false"/>
						<line number="745" hits="9" branch="false"/>
						<line number="754" hits="10" branch="false"/>
						<line number="764" hits="14725" branch="false"/>
						<line number="777" hits="140596" branch="false"/>
						<line number="778" hits="140596" branch="false"/>
						<line number="779" hits="140596" branch="false"/>
						<line number="792" hits="15982" branch="false"/>
						<line number="793" hits="15982" branch="false"/>
						<line number="794" hits="15982" branch="false"/>
						<line number="816" hits="10512" branch="false"/>
						<line number="817" hits="10512" branch="true" condition-coverage="50% (1/2)">
							<conditions>
								<condition number="0" type="jump" coverage="50%"/>
							</conditions>
						</line>
						<line number="818" hits="0" branch="false"/>
						<line number="823" hits="10512" branch="false"/>
						<line number="824" hits="10512" branch="false"/>
						<line number="826" hits="45554" branch="true" condition-coverage="100% (2/2)">
							<conditions>
								<condition number="0" type="jump" coverage="100%"/>
							</conditions>
						</line>
						<line number="827" hits="35042" branch="false"/>
						<line number="828" hits="35042" branch="false"/>
						<line number="829" hits="35042" branch="false"/>
						<line number="830" hits="35042" branch="false"/>
						<line number="832" hits="35042" branch="false"/>
						<line number="833" hits="35042" branch="false"/>
						<line number="834" hits="35042" branch="false"/>
						<line number="835" hits="35042" branch="false"/>
						<line number="836" hits="35042" branch="false"/>
						<line number="837" hits="35042" branch="false"/>
						<line number="841" hits="35042" branch="false"/>
						<line number="845" hits="10512" branch="false"/>
						<line number="846" hits="10512" branch="false"/>
						<line number="847" hits="10511" branch="false"/>
						<line number="848" hits="10511" branch="false"/>
						<line number="849" hits="10511" branch="false"/>
						<line number="851" hits="10511" branch="false"/>
						<line number="852" hits="24530" branch="true" condition-coverage="100% (2/2)">
							<conditions>
								<condition number="0" type="jump" coverage="100%"/>
							</conditions>
						</line>
						<line number="853" hits="14019" branch="false"/>
						<line number="854" hits="14019" branch="false"/>
						<line number="855" hits="14019" branch="false"/>
						<line number="856" hits="14019" branch="false"/>
						<line number="857" hits="14019" branch="false"/>
						<line number="860" hits="10511" branch="false"/>
						<line number="862" hits="10511" branch="true" condition-coverage="100% (2/2)">
							<conditions>
								<condition number="0" type="jump" coverage="100%"/>
							</conditions>
						</line>
						<line number="865" hits="7" branch="false"/>
						<line number="866" hits="35" branch="true" condition-coverage="100% (2/2)">
							<conditions>
								<condition number="0" type="jump" coverage="100%"/>
							</conditions>
						</line>
						<line number="867" hits="28" branch="false"/>
						<line number="871" hits="10511" branch="false"/>
						<line number="910" hits="272582" branch="false"/>
						<line number="911" hits="272582" branch="false"/>
						<line number="912" hits="272582" branch="false"/>
						<line number="913" hits="272582" branch="false"/>
						<line number="914" hits="272582" branch="false"/>
						<line number="915" hits="272582" branch="false"/>
						<line number="918" hits="272582" branch="false"/>
						<line number="919" hits="272582" branch="false"/>
						<line number="922" hits="272582" branch="false"/>
						<line number="923" hits="272582" branch="false"/>
						<line number="924" hits="272582" branch="false"/>
						<line number="925" hits="272582" branch="false"/>
						<line number="926" hits="272582" branch="false"/>
						<line number="927" hits="272582" branch="false"/>
						<line number="930" hits="272582" branch="false"/>
						<line number="931" hits="272582" branch="false"/>
						<line number="934" hits="272582" branch="false"/>
						<line number="935" hits="272582" branch="false"/>
						<line number="936" hits="272582" branch="false"/>
						<line number="940" hits="272582" branch="false"/>
						<line number="942" hits="272582" branch="true" condition-coverage="100% (2/2)">
							<conditions>
								<condition number="0" type="jump" coverage="100%"/>
							</conditions>
						</line>
						<line number="945" hits="17" branch="false"/>
						<line number="948" hits="272582" branch="false"/>
						<line number="990" hits="157138" branch="false"/>
						<line number="991" hits="157138" branch="false"/>
						<line number="992" hits="157138" branch="false"/>
						<line number="993" hits="157138" branch="false"/>
						<line number="994" hits="157138" branch="false"/>
						<line number="995" hits="157138" branch="false"/>
						<line number="998" hits="157138" branch="false"/>
						<line number="999" hits="157138" branch="false"/>
						<line number="1002" hits="157138" branch="false"/>
						<line number="1003" hits="157138" branch="false"/>
						<line number="1004" hits="157138" branch="false"/>
						<line number="1005" hits="157138" branch="false"/>
						<line number="1006" hits="157138" branch="false"/>
						<line number="1007" hits="157138" branch="false"/>
						<line number="1010" hits="157138" branch="false"/>
						<line number="1011" hits="157138" branch="false"/>
						<line number="1014" hits="157138" branch="false"/>
						<line number="1015" hits="157138" branch="false"/>
						<line number="1016" hits="157138" branch="false"/>
						<line number="1017" hits="157138" branch="false"/>
						<line number="1018" hits="157138" branch="false"/>
						<line number="1019" hits="157138" branch="false"/>
						<line number="1022" hits="157138" branch="false"/>
						<line number="1023" hits="157138" branch="false"/>
						<line number="1026" hits="157138" branch="false"/>
						<line number="1027" hits="157138" branch="false"/>
						<line number="1028" hits="157138" branch="false"/>
						<line number="1031" hits="157138" branch="false"/>
						<line number="1032" hits="157138" branch="false"/>
						<line number="1033" hits="157138" branch="false"/>
						<line number="1037" hits="157138" branch="false"/>
						<line number="1039" hits="157138" branch="true" condition-coverage="100% (2/2)">
							<conditions>
								<condition number="0" type="jump" coverage="100%"/>
							</conditions>
						</line>
						<line number="1042" hits="7" branch="false"/>
						<line number="1045" hits="157138" branch="false"/>
						<line number="1092" hits="95056" branch="false"/>
						<line number="1093" hits="95056" branch="false"/>
						<line number="1094" hits="95056" branch="false"/>
						<line number="1095" hits="95056" branch="false"/>
						<line number="1096" hits="95056" branch="false"/>
						<line number="1097" hits="95056" branch="false"/>
						<line number="1100" hits="95056" branch="false"/>
						<line number="1101" hits="95056" branch="false"/>
						<line number="1104" hits="95056" branch="false"/>
						<line number="1105" hits="95056" branch="false"/>
						<line number="1106" hits="95056" branch="false"/>
						<line number="1107" hits="95056" branch="false"/>
						<line number="1108" hits="95056" branch="false"/>
						<line number="1109" hits="95056" branch="false"/>
						<line number="1112" hits="95056" branch="false"/>
						<line number="1113" hits="95056" branch="false"/>
						<line number="1116" hits="95056" branch="false"/>
						<line number="1117" hits="95056" branch="false"/>
						<line number="1118" hits="95056" branch="false"/>
						<line number="1119" hits="95056" branch="false"/>
						<line number="1120" hits="95056" branch="false"/>
						<line number="1121" hits="95056" branch="false"/>
						<line number="1124" hits="95056" branch="false"/>
						<line number="1125" hits="95056" branch="false"/>
						<line number="1128" hits="95056" branch="false"/>
						<line number="1129" hits="95056" branch="false"/>
						<line number="1130" hits="95056" branch="false"/>
						<line number="1131" hits="95056" branch="false"/>
						<line number="1132" hits="95056" branch="false"/>
						<line number="1133" hits="95056" branch="false"/>
						<line number="1136" hits="95056" branch="false"/>
						<line number="1137" hits="95056" branch="false"/>
						<line number="1140" hits="95056" branch="false"/>
						<line number="1141" hits="95056" branch="false"/>
						<line number="1142" hits="95056" branch="false"/>
						<line number="1145" hits="95056" branch="false"/>
						<line number="1146" hits="95056" branch="false"/>
						<line number="1147" hits="95056" branch="false"/>
						<line number="1150" hits="95056" branch="false"/>
						<line number="1151" hits="95056" branch="false"/>
						<line number="1152" hits="95056" branch="false"/>
						<line number="1156" hits="95056" branch="false"/>
						<line number="1158" hits="95056" branch="true" condition-coverage="100% (2/2)">
							<conditions>
								<condition number="0" type="jump" coverage="100%"/>
							</conditions>
						</line>
						<line number="1161" hits="7" branch="false"/>
						<line number="1164" hits="95056" branch="false"/>
						<line number="1178" hits="0" branch="true" condition-coverage="0% (0/4)">
							<conditions>
								<condition number="0" type="jump" coverage="0%"/>
								<condition number="1" type="jump" coverage="0%"/>
							</conditions>
						</line>
						<line number="1179" hits="0" branch="true" condition-coverage="0% (0/6)">
							<conditions>
								<condition number="0" type="jump" coverage="0%"/>
								<condition number="1" type="jump" coverage="0%"/>
								<condition number="2" type="jump" coverage="0%"/>
							</conditions>
						</line>
						<line number="1181" hits="0" branch="true" condition-coverage="0% (0/2)">
							<conditions>
								<condition number="0" type="jump" coverage="0%"/>
							</conditions>
						</line>
						<line number="1182" hits="0" branch="false"/>
						<line number="1184" hits="0" branch="true" condition-coverage="0% (0/2)">
							<conditions>
								<condition number="0" type="jump" coverage="0%"/>
							</conditions>
						</line>
						<line number="1185" hits="0" branch="true" condition-coverage="0% (0/2)">
							<conditions>
								<condition number="0" type="jump" coverage="0%"/>
							</conditions>
						</line>
						<line number="1186" hits="0" branch="false"/>
						<line number="1189" hits="0" branch="false"/>
						<line number="1204" hits="0" branch="true" condition-coverage="0% (0/4)">
							<conditions>
								<condition number="0" type="jump" coverage="0%"/>
								<condition number="1" type="jump" coverage="0%"/>
							</conditions>
						</line>
						<line number="1205" hits="0" branch="true" condition-coverage="0% (0/6)">
							<conditions>
								<condition number="0" type="jump" coverage="0%"/>
								<condition number="1" type="jump" coverage="0%"/>
								<condition number="2" type="jump" coverage="0%"/>
							</conditions>
						</line>
						<line number="1207" hits="0" branch="true" condition-coverage="0% (0/2)">
							<conditions>
								<condition number="0" type="jump" coverage="0%"/>
							</conditions>
						</line>
						<line number="1208" hits="0" branch="false"/>
						<line number="1210" hits="0" branch="true" condition-coverage="0% (0/2)">
							<conditions>
								<condition number="0" type="jump" coverage="0%"/>
							</conditions>
						</line>
						<line number="1211" hits="0" branch="true" condition-coverage="0% (0/2)">
							<conditions>
								<condition number="0" type="jump" coverage="0%"/>
							</conditions>
						</line>
						<line number="1212" hits="0" branch="false"/>
						<line number="1215" hits="0" branch="false"/>
						<line number="1229" hits="23" branch="true" condition-coverage="100% (4/4)">
							<conditions>
								<condition number="0" type="jump" coverage="100%"/>
								<condition number="1" type="jump" coverage="100%"/>
							</conditions>
						</line>
						<line number="1230" hits="3" branch="true" condition-coverage="100% (6/6)">
							<conditions>
								<condition number="0" type="jump" coverage="100%"/>
								<condition number="1" type="jump" coverage="100%"/>
								<condition number="2" type="jump" coverage="100%"/>
							</conditions>
						</line>
						<line number="1232" hits="20" branch="true" condition-coverage="100% (2/2)">
							<conditions>
								<condition number="0" type="jump" coverage="100%"/>
							</conditions>
						</line>
						<line number="1233" hits="1" branch="false"/>
						<line number="1235" hits="65" branch="true" condition-coverage="100% (2/2)">
							<conditions>
								<condition number="0" type="jump" coverage="100%"/>
							</conditions>
						</line>
						<line number="1236" hits="54" branch="true" condition-coverage="100% (2/2)">
							<conditions>
								<condition number="0" type="jump" coverage="100%"/>
							</conditions>
						</line>
						<line number="1237" hits="8" branch="false"/>
						<line number="1240" hits="11" branch="false"/>
						<line number="1255" hits="152" branch="true" condition-coverage="100% (4/4)">
							<conditions>
								<condition number="0" type="jump" coverage="100%"/>
								<condition number="1" type="jump" coverage="100%"/>
							</conditions>
						</line>
						<line number="1256" hits="3" branch="true" condition-coverage="100% (6/6)">
							<conditions>
								<condition number="0" type="jump" coverage="100%"/>
								<condition number="1" type="jump" coverage="100%"/>
								<condition number="2" type="jump" coverage="100%"/>
							</conditions>
						</line>
						<line number="1258" hits="149" branch="true" condition-coverage="100% (2/2)">
							<conditions>
								<condition number="0" type="jump" coverage="100%"/>
							</conditions>
						</line>
						<line number="1259" hits="1" branch="false"/>
						<line number="1261" hits="434" branch="true" condition-coverage="100% (2/2)">
							<conditions>
								<condition number="0" type="jump" coverage="100%"/>
							</conditions>
						</line>
						<line number="1262" hits="292" branch="true" condition-coverage="100% (2/2)">
							<conditions>
								<condition number="0" type="jump" coverage="100%"/>
							</conditions>
						</line>
						<line number="1263" hits="6" branch="false"/>
						<line number="1266" hits="142" branch="false"/>
						<line number="1293" hits="43" branch="true" condition-coverage="100% (2/2)">
							<conditions>
								<condition number="0" type="jump" coverage="100%"/>
							</conditions>
						</line>
						<line number="1294" hits="1" branch="false"/>
						<line number="1296" hits="42" branch="true" condition-coverage="100% (2/2)">
							<conditions>
								<condition number="0" type="jump" coverage="100%"/>
							</conditions>
						</line>
						<line number="1297" hits="1" branch="false"/>
						<line number="1299" hits="41" branch="false"/>
						<line number="1300" hits="41" branch="false"/>
						<line number="1301" hits="41" branch="false"/>
						<line number="1302" hits="247" branch="true" condition-coverage="100% (2/2)">
							<conditions>
								<condition number="0" type="jump" coverage="100%"/>
							</conditions>
						</line>
						<line number="1303" hits="207" branch="true" condition-coverage="100% (2/2)">
							<conditions>
								<condition number="0" type="jump" coverage="100%"/>
							</conditions>
						</line>
						<line number="1304" hits="1" branch="false"/>
						<line number="1306" hits="206" branch="true" condition-coverage="100% (2/2)">
							<conditions>
								<condition number="0" type="jump" coverage="100%"/>
							</conditions>
						</line>
						<line number="1307" hits="204" branch="false"/>
						<line number="1310" hits="40" branch="true" condition-coverage="100% (2/2)">
							<conditions>
								<condition number="0" type="jump" coverage="100%"/>
							</conditions>
						</line>
						<line number="1311" hits="3" branch="false"/>
						<line number="1313" hits="234" branch="true" condition-coverage="100% (2/2)">
							<conditions>
								<condition number="0" type="jump" coverage="100%"/>
							</conditions>
						</line>
						<line number="1314" hits="197" branch="true" condition-coverage="100% (2/2)">
							<conditions>
								<condition number="0" type="jump" coverage="100%"/>
							</conditions>
						</line>
						<line number="1315" hits="2" branch="false"/>
						<line number="1317" hits="195" branch="false"/>
						<line number="1320" hits="37" branch="false"/>
						<line number="1335" hits="70401" branch="false"/>
						<line number="1336" hits="70401" branch="false"/>
						<line number="1337" hits="70401" branch="false"/>
						<line number="1355" hits="682" branch="true" condition-coverage="100% (2/2)">
							<conditions>
								<condition number="0" type="jump" coverage="100%"/>
							</conditions>
						</line>
						<line number="1356" hits="181" branch="false"/>
						<line number="1357" hits="181" branch="false"/>
						<line number="1358" hits="181" branch="false"/>
						<line number="1359" hits="501" branch="false"/>
						<line number="1363" hits="3561" branch="true" condition-coverage="100% (2/2)">
							<conditions>
								<condition number="0" type="jump" coverage="100%"/>
							</conditions>
						</line>
						<line number="1364" hits="3060" branch="false"/>
						<line number="1367" hits="682" branch="false"/>
						<line number="1395" hits="7" branch="false"/>
						<line number="1396" hits="6" branch="false"/>
						<line number="1398" hits="5" branch="false"/>
						<line number="1399" hits="5" branch="false"/>
						<line number="1401" hits="5" branch="true" condition-coverage="100% (4/4)">
							<conditions>
								<condition number="0" type="jump" coverage="100%"/>
								<condition number="1" type="jump" coverage="100%"/>
							</conditions>
						</line>
						<line number="1402" hits="3" branch="false"/>
						<line number="1406" hits="2" branch="false"/>
						<line number="1407" hits="2" branch="false"/>
						<line number="1410" hits="13" branch="true" condition-coverage="100% (2/2)">
							<conditions>
								<condition number="0" type="jump" coverage="100%"/>
							</conditions>
						</line>
						<line number="1411" hits="11" branch="false"/>
						<line number="1412" hits="11" branch="false"/>
						<line number="1413" hits="11" branch="false"/>
						<line number="1414" hits="32" branch="true" condition-coverage="100% (4/4)">
							<conditions>
								<condition number="0" type="jump" coverage="100%"/>
								<condition number="1" type="jump" coverage="100%"/>
							</conditions>
						</line>
						<line number="1415" hits="21" branch="false"/>
						<line number="1417" hits="11" branch="false"/>
						<line number="1420" hits="2" branch="false"/>
					</lines>
				</class>
				<class name="org.apache.commons.math3.util.MathArrays$1" filename="org/apache/commons/math3/util/MathArrays.java" line-rate="1.0" branch-rate="1.0" complexity="4.2">
					<methods>
						<method name="&lt;init&gt;" signature="()V" line-rate="1.0" branch-rate="1.0">
							<lines>
							</lines>
						</method>
						<method name="compare" signature="(Ljava/lang/Object;Ljava/lang/Object;)I" line-rate="1.0" branch-rate="1.0">
							<lines>
								<line number="709" hits="211" branch="false"/>
							</lines>
						</method>
						<method name="compare" signature="(Lorg/apache/commons/math3/util/Pair;Lorg/apache/commons/math3/util/Pair;)I" line-rate="1.0" branch-rate="1.0">
							<lines>
								<line number="712" hits="203" branch="false"/>
							</lines>
						</method>
					</methods>
					<lines>
						<line number="709" hits="211" branch="false"/>
						<line number="712" hits="203" branch="false"/>
					</lines>
				</class>
				<class name="org.apache.commons.math3.util.MathArrays$2" filename="org/apache/commons/math3/util/MathArrays.java" line-rate="1.0" branch-rate="1.0" complexity="4.2">
					<methods>
						<method name="&lt;init&gt;" signature="()V" line-rate="1.0" branch-rate="1.0">
							<lines>
							</lines>
						</method>
						<method name="compare" signature="(Ljava/lang/Object;Ljava/lang/Object;)I" line-rate="1.0" branch-rate="1.0">
							<lines>
								<line number="714" hits="9" branch="false"/>
							</lines>
						</method>
						<method name="compare" signature="(Lorg/apache/commons/math3/util/Pair;Lorg/apache/commons/math3/util/Pair;)I" line-rate="1.0" branch-rate="1.0">
							<lines>
								<line number="717" hits="8" branch="false"/>
							</lines>
						</method>
					</methods>
					<lines>
						<line number="714" hits="9" branch="false"/>
						<line number="717" hits="8" branch="false"/>
					</lines>
				</class>
				<class name="org.apache.commons.math3.util.MathArrays$3" filename="org/apache/commons/math3/util/MathArrays.java" line-rate="1.0" branch-rate="1.0" complexity="4.2">
					<methods>
						<method name="&lt;clinit&gt;" signature="()V" line-rate="1.0" branch-rate="1.0">
							<lines>
								<line number="315" hits="39" branch="false"/>
							</lines>
						</method>
					</methods>
					<lines>
						<line number="315" hits="39" branch="false"/>
					</lines>
				</class>
				<class name="org.apache.commons.math3.util.MathArrays$Function" filename="org/apache/commons/math3/util/MathArrays.java" line-rate="1.0" branch-rate="1.0" complexity="4.2">
					<methods>
					</methods>
					<lines>
					</lines>
				</class>
				<class name="org.apache.commons.math3.util.MathArrays$OrderDirection" filename="org/apache/commons/math3/util/MathArrays.java" line-rate="1.0" branch-rate="1.0" complexity="4.2">
					<methods>
						<method name="&lt;clinit&gt;" signature="()V" line-rate="1.0" branch-rate="1.0">
							<lines>
								<line number="292" hits="199" branch="false"/>
								<line number="294" hits="40" branch="false"/>
								<line number="296" hits="40" branch="false"/>
							</lines>
						</method>
						<method name="&lt;init&gt;" signature="(Ljava/lang/String;I)V" line-rate="1.0" branch-rate="1.0">
							<lines>
							</lines>
						</method>
						<method name="valueOf" signature="(Ljava/lang/String;)Lorg/apache/commons/math3/util/MathArrays$OrderDirection;" line-rate="1.0" branch-rate="1.0">
							<lines>
							</lines>
						</method>
						<method name="values" signature="()[Lorg/apache/commons/math3/util/MathArrays$OrderDirection;" line-rate="1.0" branch-rate="1.0">
							<lines>
							</lines>
						</method>
					</methods>
					<lines>
						<line number="292" hits="199" branch="false"/>
						<line number="294" hits="40" branch="false"/>
						<line number="296" hits="40" branch="false"/>
					</lines>
				</class>
			</classes>
		</package>
	</packages>
</coverage>
